{"type":"operationStart","subtype":"profile","data":{"_id":"4ulqFNBcmfA8VUJs","timestamp":"2022-05-25T03:43:24.922Z","state":"queued","mode":"standard","blobName":"profiles/0luwix36gx5ls7b.log","creationDate":"2022-05-25T03:43:24.923Z","modificationDate":"2022-05-25T03:43:24.923Z","shortid":"XNJavcu","$entitySet":"profiles"},"doDiffs":false,"timestamp":1653450204922,"id":"77yl7tie7pe9u7h","previousOperationId":null,"operationId":"nyd8jdp4qqily51"}
{"type":"log","level":"info","message":"Render request 2 queued for execution and waiting for availible worker","previousOperationId":"nyd8jdp4qqily51","timestamp":1653450204922,"id":"w6fh76g0apy3wj1"}
{"type":"operationStart","subtype":"render","name":"coffin-template","previousOperationId":"nyd8jdp4qqily51","timestamp":1653450204932,"id":"oargjmzo0l8ermi","previousEventId":"77yl7tie7pe9u7h","operationId":"k3e9gj7dpxz94ia"}
{"type":"log","timestamp":1653450204934,"level":"info","message":"Starting rendering request 2 (user: null)","meta":{"rootId":"0luwix36gx5ls7b","id":"0luwix36gx5ls7b"},"id":"n8ri2tmhutdubqq","previousOperationId":"k3e9gj7dpxz94ia"}
{"type":"log","timestamp":1653450204936,"level":"info","message":"Rendering template { name: coffin-template, recipe: chrome-pdf, engine: handlebars, preview: true }","meta":{"rootId":"0luwix36gx5ls7b","id":"0luwix36gx5ls7b"},"id":"pkphnq4yt09cay1","previousOperationId":"k3e9gj7dpxz94ia"}
{"type":"log","timestamp":1653450204940,"level":"debug","message":"Inline data specified.","meta":{"rootId":"0luwix36gx5ls7b","id":"0luwix36gx5ls7b"},"id":"b19stdf14qa9bti","previousOperationId":"k3e9gj7dpxz94ia"}
{"type":"log","timestamp":1653450204952,"level":"debug","message":"Base url not specified, skipping its injection.","meta":{"rootId":"0luwix36gx5ls7b","id":"0luwix36gx5ls7b"},"id":"njm5498524saex2","previousOperationId":"k3e9gj7dpxz94ia"}
{"type":"operationStart","subtype":"engine","name":"handlebars","timestamp":1653450204955,"id":"0r91dw3c65t8zc4","previousEventId":"oargjmzo0l8ermi","operationId":"nxjb5w1offtvxct","previousOperationId":"k3e9gj7dpxz94ia"}
{"type":"log","timestamp":1653450204955,"level":"debug","message":"Rendering engine handlebars","meta":{"rootId":"0luwix36gx5ls7b","id":"0luwix36gx5ls7b"},"id":"mb0ybwrikpk69xg","previousOperationId":"nxjb5w1offtvxct"}
{"type":"operationEnd","operationId":"nxjb5w1offtvxct","timestamp":1653450207585,"id":"72czn7hev1a46dc","previousEventId":"0r91dw3c65t8zc4","previousOperationId":"nxjb5w1offtvxct"}
{"type":"operationStart","subtype":"recipe","name":"chrome-pdf","timestamp":1653450207586,"id":"e1s62kkwlnlqcma","previousEventId":"72czn7hev1a46dc","operationId":"havz20fx89rlpr8","previousOperationId":"nxjb5w1offtvxct"}
{"type":"log","timestamp":1653450207586,"level":"debug","message":"Executing recipe chrome-pdf","meta":{"rootId":"0luwix36gx5ls7b","id":"0luwix36gx5ls7b"},"id":"xd3l02kunn2d1mi","previousOperationId":"havz20fx89rlpr8"}
{"type":"log","timestamp":1653450210899,"level":"debug","message":"Converting with chrome HeadlessChrome/98.0.4758.0 using chrome-pool strategy","meta":{"rootId":"0luwix36gx5ls7b","id":"0luwix36gx5ls7b"},"id":"qidgz5619upsy1i","previousOperationId":"havz20fx89rlpr8"}
{"type":"log","timestamp":1653450212015,"level":"debug","message":"Page request: GET (document) file:///C:/Users/Toon/AppData/Local/Temp/jsreport/autocleanup/d1f6c522-3d7b-4493-83c4-2a080fccfba3-chrome-pdf.html","meta":{"rootId":"0luwix36gx5ls7b","id":"0luwix36gx5ls7b"},"id":"saec1lkgpks11y8","previousOperationId":"havz20fx89rlpr8"}
{"type":"log","timestamp":1653450212026,"level":"debug","message":"Page request finished: GET (document) file:///C:/Users/Toon/AppData/Local/Temp/jsreport/autocleanup/d1f6c522-3d7b-4493-83c4-2a080fccfba3-chrome-pdf.html","meta":{"rootId":"0luwix36gx5ls7b","id":"0luwix36gx5ls7b"},"id":"gok7oqvg6fgnw11","previousOperationId":"havz20fx89rlpr8"}
{"type":"log","timestamp":1653450212028,"level":"debug","message":"Page request: GET (stylesheet) https://fonts.googleapis.com/css2?family=Sarabun:wght@300;500;700&display=swap","meta":{"rootId":"0luwix36gx5ls7b","id":"0luwix36gx5ls7b"},"id":"ywatuai47n2iow5","previousOperationId":"havz20fx89rlpr8"}
{"type":"log","timestamp":1653450219035,"level":"debug","message":"Page request finished: GET (stylesheet) 200 https://fonts.googleapis.com/css2?family=Sarabun:wght@300;500;700&display=swap","meta":{"rootId":"0luwix36gx5ls7b","id":"0luwix36gx5ls7b"},"id":"q6ynbu0pfna3i7z","previousOperationId":"havz20fx89rlpr8"}
{"type":"log","timestamp":1653450219085,"level":"debug","message":"Page request: GET (font) https://fonts.gstatic.com/s/sarabun/v13/DtVmJx26TKEr37c9YL5rik8s6zDX.woff2","meta":{"rootId":"0luwix36gx5ls7b","id":"0luwix36gx5ls7b"},"id":"2mof4cikmwb6nyt","previousOperationId":"havz20fx89rlpr8"}
{"type":"log","timestamp":1653450219087,"level":"debug","message":"Page request: GET (font) https://fonts.gstatic.com/s/sarabun/v13/DtVmJx26TKEr37c9YL5rilss6w.woff2","meta":{"rootId":"0luwix36gx5ls7b","id":"0luwix36gx5ls7b"},"id":"hav8oc5xj1l8n36","previousOperationId":"havz20fx89rlpr8"}
{"type":"log","timestamp":1653450219087,"level":"debug","message":"Page request: GET (font) https://fonts.gstatic.com/s/sarabun/v13/DtVmJx26TKEr37c9YK5sik8s6zDX.woff2","meta":{"rootId":"0luwix36gx5ls7b","id":"0luwix36gx5ls7b"},"id":"mdc0na4ekfxktij","previousOperationId":"havz20fx89rlpr8"}
{"type":"log","timestamp":1653450219088,"level":"debug","message":"Page request: GET (font) https://fonts.gstatic.com/s/sarabun/v13/DtVmJx26TKEr37c9YK5silss6w.woff2","meta":{"rootId":"0luwix36gx5ls7b","id":"0luwix36gx5ls7b"},"id":"0uzyfbbp7lfddr7","previousOperationId":"havz20fx89rlpr8"}
{"type":"log","timestamp":1653450219089,"level":"debug","message":"Page request: GET (font) https://fonts.gstatic.com/s/sarabun/v13/DtVmJx26TKEr37c9YL5rik8s6zDX.woff2","meta":{"rootId":"0luwix36gx5ls7b","id":"0luwix36gx5ls7b"},"id":"z3z5kog996eb8zm","previousOperationId":"havz20fx89rlpr8"}
{"type":"log","timestamp":1653450219090,"level":"debug","message":"Running chrome with params {\"printBackground\":true,\"timeout\":57228,\"margin\":{}}","meta":{"rootId":"0luwix36gx5ls7b","id":"0luwix36gx5ls7b"},"id":"0fojqx1hu8ffyru","previousOperationId":"havz20fx89rlpr8"}
{"type":"log","timestamp":1653450219092,"level":"debug","message":"Page request: GET (font) https://fonts.gstatic.com/s/sarabun/v13/DtVmJx26TKEr37c9YL5rilss6w.woff2","meta":{"rootId":"0luwix36gx5ls7b","id":"0luwix36gx5ls7b"},"id":"ulw1wqsse7qqtc3","previousOperationId":"havz20fx89rlpr8"}
{"type":"log","timestamp":1653450219092,"level":"debug","message":"Page request: GET (font) https://fonts.gstatic.com/s/sarabun/v13/DtVmJx26TKEr37c9YK5sik8s6zDX.woff2","meta":{"rootId":"0luwix36gx5ls7b","id":"0luwix36gx5ls7b"},"id":"vbqdur7s60rw3kg","previousOperationId":"havz20fx89rlpr8"}
{"type":"log","timestamp":1653450219093,"level":"debug","message":"Page request: GET (font) https://fonts.gstatic.com/s/sarabun/v13/DtVmJx26TKEr37c9YK5silss6w.woff2","meta":{"rootId":"0luwix36gx5ls7b","id":"0luwix36gx5ls7b"},"id":"6ertp2ey63fgwou","previousOperationId":"havz20fx89rlpr8"}
{"type":"log","timestamp":1653450219214,"level":"debug","message":"Page request finished: GET (font) 200 https://fonts.gstatic.com/s/sarabun/v13/DtVmJx26TKEr37c9YK5sik8s6zDX.woff2","meta":{"rootId":"0luwix36gx5ls7b","id":"0luwix36gx5ls7b"},"id":"b1xp4mqciv0x8m7","previousOperationId":"havz20fx89rlpr8"}
{"type":"operationEnd","operationId":"havz20fx89rlpr8","timestamp":1653450219216,"id":"0kao1murrryfngr","previousEventId":"e1s62kkwlnlqcma","previousOperationId":"havz20fx89rlpr8"}
{"type":"log","timestamp":1653450219218,"level":"debug","message":"Skipping storing report.","meta":{"rootId":"0luwix36gx5ls7b","id":"0luwix36gx5ls7b"},"id":"w07xg81mwz457y3","previousOperationId":"havz20fx89rlpr8"}
{"type":"log","timestamp":1653450219218,"level":"info","message":"Rendering request 2 finished in 14296 ms","meta":{"rootId":"0luwix36gx5ls7b","id":"0luwix36gx5ls7b"},"id":"9tonymerzp6j0tj","previousOperationId":"havz20fx89rlpr8"}
{"type":"operationEnd","subtype":"render","operationId":"k3e9gj7dpxz94ia","timestamp":1653450219219,"id":"bqprn5tmg6kq8h5","previousEventId":"0kao1murrryfngr","previousOperationId":"havz20fx89rlpr8"}
{"type":"operationEnd","doDiffs":false,"previousEventId":"77yl7tie7pe9u7h","previousOperationId":"nyd8jdp4qqily51","operationId":"nyd8jdp4qqily51","timestamp":1653450219233,"id":"qpfhu09al9dnad0"}
