{"type":"operationStart","subtype":"profile","data":{"_id":"hhwxoH6ud2LIvysZ","timestamp":"2022-05-24T15:40:31.776Z","state":"queued","mode":"standard","blobName":"profiles/12yxwpolyz2tfhi.log","creationDate":"2022-05-24T15:40:31.776Z","modificationDate":"2022-05-24T15:40:31.776Z","shortid":"-z3Xc4b","$entitySet":"profiles"},"doDiffs":false,"timestamp":1653406831776,"id":"cmvlubzv2xdaedn","previousOperationId":null,"operationId":"3gbikex1ss4quo5"}
{"type":"log","level":"info","message":"Render request 3 queued for execution and waiting for availible worker","previousOperationId":"3gbikex1ss4quo5","timestamp":1653406831776,"id":"mclbhuip6yovn4t"}
{"type":"operationStart","subtype":"render","name":"coffin-template","previousOperationId":"3gbikex1ss4quo5","timestamp":1653406831872,"id":"hc2g45w0cujq0x7","previousEventId":"cmvlubzv2xdaedn","operationId":"kryul90rm1qzeho"}
{"type":"log","timestamp":1653406831872,"level":"info","message":"Starting rendering request 3 (user: null)","meta":{"rootId":"12yxwpolyz2tfhi","id":"12yxwpolyz2tfhi"},"id":"slriwdrszqzn6w7","previousOperationId":"kryul90rm1qzeho"}
{"type":"log","timestamp":1653406831873,"level":"info","message":"Rendering template { name: coffin-template, recipe: chrome-pdf, engine: handlebars, preview: true }","meta":{"rootId":"12yxwpolyz2tfhi","id":"12yxwpolyz2tfhi"},"id":"9erh0luod2z06rv","previousOperationId":"kryul90rm1qzeho"}
{"type":"log","timestamp":1653406831873,"level":"debug","message":"Inline data specified.","meta":{"rootId":"12yxwpolyz2tfhi","id":"12yxwpolyz2tfhi"},"id":"3ni8p9gvhg15k1k","previousOperationId":"kryul90rm1qzeho"}
{"type":"log","timestamp":1653406831875,"level":"debug","message":"Base url not specified, skipping its injection.","meta":{"rootId":"12yxwpolyz2tfhi","id":"12yxwpolyz2tfhi"},"id":"jbb3l8zw88fcvtl","previousOperationId":"kryul90rm1qzeho"}
{"type":"operationStart","subtype":"engine","name":"handlebars","timestamp":1653406831875,"id":"244tlz3r7gcqlmy","previousEventId":"hc2g45w0cujq0x7","operationId":"3wcsjcg7h2ladnh","previousOperationId":"kryul90rm1qzeho"}
{"type":"log","timestamp":1653406831875,"level":"debug","message":"Rendering engine handlebars","meta":{"rootId":"12yxwpolyz2tfhi","id":"12yxwpolyz2tfhi"},"id":"g00o9fvzaizgfm6","previousOperationId":"3wcsjcg7h2ladnh"}
{"type":"operationEnd","operationId":"3wcsjcg7h2ladnh","timestamp":1653406831935,"id":"nnp51zx3mb3rw08","previousEventId":"244tlz3r7gcqlmy","previousOperationId":"3wcsjcg7h2ladnh"}
{"type":"operationStart","subtype":"recipe","name":"chrome-pdf","timestamp":1653406831935,"id":"caxytf8ew4nq4fj","previousEventId":"nnp51zx3mb3rw08","operationId":"ovptxwy9h01r5sb","previousOperationId":"3wcsjcg7h2ladnh"}
{"type":"log","timestamp":1653406831935,"level":"debug","message":"Executing recipe chrome-pdf","meta":{"rootId":"12yxwpolyz2tfhi","id":"12yxwpolyz2tfhi"},"id":"0qc6ejb3lt4qhk1","previousOperationId":"ovptxwy9h01r5sb"}
{"type":"log","timestamp":1653406831938,"level":"debug","message":"Converting with chrome HeadlessChrome/98.0.4758.0 using chrome-pool strategy","meta":{"rootId":"12yxwpolyz2tfhi","id":"12yxwpolyz2tfhi"},"id":"mwgr93nv4hkqr7i","previousOperationId":"ovptxwy9h01r5sb"}
{"type":"log","timestamp":1653406832021,"level":"debug","message":"Page request: GET (document) file:///C:/Users/Toon/AppData/Local/Temp/jsreport/autocleanup/15bd8e6d-77c2-4af3-add0-511ca16fa2f0-chrome-pdf.html","meta":{"rootId":"12yxwpolyz2tfhi","id":"12yxwpolyz2tfhi"},"id":"myb5xa3lk3vcgvf","previousOperationId":"ovptxwy9h01r5sb"}
{"type":"log","timestamp":1653406832027,"level":"debug","message":"Page request finished: GET (document) file:///C:/Users/Toon/AppData/Local/Temp/jsreport/autocleanup/15bd8e6d-77c2-4af3-add0-511ca16fa2f0-chrome-pdf.html","meta":{"rootId":"12yxwpolyz2tfhi","id":"12yxwpolyz2tfhi"},"id":"df5el3ue99zx1zj","previousOperationId":"ovptxwy9h01r5sb"}
{"type":"log","timestamp":1653406832028,"level":"debug","message":"Page request: GET (stylesheet) https://fonts.googleapis.com/css2?family=Sarabun:wght@300;500;700&display=swap","meta":{"rootId":"12yxwpolyz2tfhi","id":"12yxwpolyz2tfhi"},"id":"o7eftrot1wlibzz","previousOperationId":"ovptxwy9h01r5sb"}
{"type":"log","timestamp":1653406832030,"level":"debug","message":"Page request finished: GET (stylesheet) 200 https://fonts.googleapis.com/css2?family=Sarabun:wght@300;500;700&display=swap","meta":{"rootId":"12yxwpolyz2tfhi","id":"12yxwpolyz2tfhi"},"id":"dmysh3qfsodrfkb","previousOperationId":"ovptxwy9h01r5sb"}
{"type":"log","timestamp":1653406832072,"level":"debug","message":"Page request: GET (font) https://fonts.gstatic.com/s/sarabun/v13/DtVmJx26TKEr37c9YL5rik8s6zDX.woff2","meta":{"rootId":"12yxwpolyz2tfhi","id":"12yxwpolyz2tfhi"},"id":"sma4rwvcj0x4gmh","previousOperationId":"ovptxwy9h01r5sb"}
{"type":"log","timestamp":1653406832073,"level":"debug","message":"Page request: GET (font) https://fonts.gstatic.com/s/sarabun/v13/DtVmJx26TKEr37c9YL5rilss6w.woff2","meta":{"rootId":"12yxwpolyz2tfhi","id":"12yxwpolyz2tfhi"},"id":"1hmsmrk9x65c7cb","previousOperationId":"ovptxwy9h01r5sb"}
{"type":"log","timestamp":1653406832073,"level":"debug","message":"Page request: GET (font) https://fonts.gstatic.com/s/sarabun/v13/DtVmJx26TKEr37c9YK5sik8s6zDX.woff2","meta":{"rootId":"12yxwpolyz2tfhi","id":"12yxwpolyz2tfhi"},"id":"cvyd1bj7l36sfx9","previousOperationId":"ovptxwy9h01r5sb"}
{"type":"log","timestamp":1653406832074,"level":"debug","message":"Page request: GET (font) https://fonts.gstatic.com/s/sarabun/v13/DtVmJx26TKEr37c9YK5silss6w.woff2","meta":{"rootId":"12yxwpolyz2tfhi","id":"12yxwpolyz2tfhi"},"id":"0zwm3k3px91bdga","previousOperationId":"ovptxwy9h01r5sb"}
{"type":"log","timestamp":1653406832074,"level":"debug","message":"Running chrome with params {\"printBackground\":true,\"timeout\":59839,\"margin\":{}}","meta":{"rootId":"12yxwpolyz2tfhi","id":"12yxwpolyz2tfhi"},"id":"cdq1159e1im7y7s","previousOperationId":"ovptxwy9h01r5sb"}
{"type":"log","timestamp":1653406832087,"level":"debug","message":"Page request finished: GET (font) 200 https://fonts.gstatic.com/s/sarabun/v13/DtVmJx26TKEr37c9YL5rik8s6zDX.woff2","meta":{"rootId":"12yxwpolyz2tfhi","id":"12yxwpolyz2tfhi"},"id":"50x8ojxecqtw9th","previousOperationId":"ovptxwy9h01r5sb"}
{"type":"log","timestamp":1653406832093,"level":"debug","message":"Page request finished: GET (font) 200 https://fonts.gstatic.com/s/sarabun/v13/DtVmJx26TKEr37c9YL5rilss6w.woff2","meta":{"rootId":"12yxwpolyz2tfhi","id":"12yxwpolyz2tfhi"},"id":"iewhijzvk7x5kkc","previousOperationId":"ovptxwy9h01r5sb"}
{"type":"log","timestamp":1653406832094,"level":"debug","message":"Page request finished: GET (font) 200 https://fonts.gstatic.com/s/sarabun/v13/DtVmJx26TKEr37c9YK5sik8s6zDX.woff2","meta":{"rootId":"12yxwpolyz2tfhi","id":"12yxwpolyz2tfhi"},"id":"v9mkpeqo38wvmsm","previousOperationId":"ovptxwy9h01r5sb"}
{"type":"log","timestamp":1653406832095,"level":"debug","message":"Page request finished: GET (font) 200 https://fonts.gstatic.com/s/sarabun/v13/DtVmJx26TKEr37c9YK5silss6w.woff2","meta":{"rootId":"12yxwpolyz2tfhi","id":"12yxwpolyz2tfhi"},"id":"lccaj2ie1tywed7","previousOperationId":"ovptxwy9h01r5sb"}
{"type":"operationEnd","operationId":"ovptxwy9h01r5sb","timestamp":1653406832132,"id":"y7e1zwb2jmgup4j","previousEventId":"caxytf8ew4nq4fj","previousOperationId":"ovptxwy9h01r5sb"}
{"type":"log","timestamp":1653406832133,"level":"debug","message":"Skipping storing report.","meta":{"rootId":"12yxwpolyz2tfhi","id":"12yxwpolyz2tfhi"},"id":"ijho5690i1q53uu","previousOperationId":"ovptxwy9h01r5sb"}
{"type":"log","timestamp":1653406832133,"level":"info","message":"Rendering request 3 finished in 357 ms","meta":{"rootId":"12yxwpolyz2tfhi","id":"12yxwpolyz2tfhi"},"id":"1vs2jlcwfiwdlij","previousOperationId":"ovptxwy9h01r5sb"}
{"type":"operationEnd","subtype":"render","operationId":"kryul90rm1qzeho","timestamp":1653406832133,"id":"vs4029fi93hnuwp","previousEventId":"y7e1zwb2jmgup4j","previousOperationId":"ovptxwy9h01r5sb"}
{"type":"operationEnd","doDiffs":false,"previousEventId":"cmvlubzv2xdaedn","previousOperationId":"3gbikex1ss4quo5","operationId":"3gbikex1ss4quo5","timestamp":1653406832146,"id":"wpv8w9k2un5ulka"}
