{"type":"operationStart","subtype":"profile","data":{"_id":"GcFKzwIz6RLsu0dz","timestamp":"2022-05-24T15:42:42.521Z","state":"queued","mode":"standard","blobName":"profiles/4r2v5mceh8jhk1i.log","creationDate":"2022-05-24T15:42:42.521Z","modificationDate":"2022-05-24T15:42:42.521Z","shortid":"W1uTht1","$entitySet":"profiles"},"doDiffs":false,"timestamp":1653406962521,"id":"c06r892tcn0nslc","previousOperationId":null,"operationId":"kjom29m91g8bezd"}
{"type":"log","level":"info","message":"Render request 6 queued for execution and waiting for availible worker","previousOperationId":"kjom29m91g8bezd","timestamp":1653406962521,"id":"fbqjh2qqady0bko"}
{"type":"operationStart","subtype":"render","name":"coffin-template","previousOperationId":"kjom29m91g8bezd","timestamp":1653406962527,"id":"1sbw01lha1b0jww","previousEventId":"c06r892tcn0nslc","operationId":"7e4vjzpcu5do3li"}
{"type":"log","timestamp":1653406962527,"level":"info","message":"Starting rendering request 6 (user: null)","meta":{"rootId":"4r2v5mceh8jhk1i","id":"4r2v5mceh8jhk1i"},"id":"6t3uu8nkcv4vl3y","previousOperationId":"7e4vjzpcu5do3li"}
{"type":"log","timestamp":1653406962527,"level":"info","message":"Rendering template { name: coffin-template, recipe: chrome-pdf, engine: handlebars, preview: true }","meta":{"rootId":"4r2v5mceh8jhk1i","id":"4r2v5mceh8jhk1i"},"id":"n47t28szjayqors","previousOperationId":"7e4vjzpcu5do3li"}
{"type":"log","timestamp":1653406962528,"level":"debug","message":"Inline data specified.","meta":{"rootId":"4r2v5mceh8jhk1i","id":"4r2v5mceh8jhk1i"},"id":"ddxbtfalc02lej6","previousOperationId":"7e4vjzpcu5do3li"}
{"type":"log","timestamp":1653406962530,"level":"debug","message":"Base url not specified, skipping its injection.","meta":{"rootId":"4r2v5mceh8jhk1i","id":"4r2v5mceh8jhk1i"},"id":"nkshmntdsz4hzny","previousOperationId":"7e4vjzpcu5do3li"}
{"type":"operationStart","subtype":"engine","name":"handlebars","timestamp":1653406962530,"id":"c5cuhu1mchfm8tm","previousEventId":"1sbw01lha1b0jww","operationId":"b4zbynqqmfcuy6g","previousOperationId":"7e4vjzpcu5do3li"}
{"type":"log","timestamp":1653406962530,"level":"debug","message":"Rendering engine handlebars","meta":{"rootId":"4r2v5mceh8jhk1i","id":"4r2v5mceh8jhk1i"},"id":"h84ds48tebev7ma","previousOperationId":"b4zbynqqmfcuy6g"}
{"type":"operationEnd","operationId":"b4zbynqqmfcuy6g","timestamp":1653406962562,"id":"eal85hcqq7s7yzx","previousEventId":"c5cuhu1mchfm8tm","previousOperationId":"b4zbynqqmfcuy6g"}
{"type":"operationStart","subtype":"recipe","name":"chrome-pdf","timestamp":1653406962563,"id":"5rp9uwxpf90ekks","previousEventId":"eal85hcqq7s7yzx","operationId":"849vqv3jrb72y1n","previousOperationId":"b4zbynqqmfcuy6g"}
{"type":"log","timestamp":1653406962563,"level":"debug","message":"Executing recipe chrome-pdf","meta":{"rootId":"4r2v5mceh8jhk1i","id":"4r2v5mceh8jhk1i"},"id":"flitc9kikfbtom1","previousOperationId":"849vqv3jrb72y1n"}
{"type":"log","timestamp":1653406962565,"level":"debug","message":"Converting with chrome HeadlessChrome/98.0.4758.0 using chrome-pool strategy","meta":{"rootId":"4r2v5mceh8jhk1i","id":"4r2v5mceh8jhk1i"},"id":"442ioetq57fjqct","previousOperationId":"849vqv3jrb72y1n"}
{"type":"log","timestamp":1653406962672,"level":"debug","message":"Page request: GET (document) file:///C:/Users/Toon/AppData/Local/Temp/jsreport/autocleanup/0629d165-9191-4c77-9263-04e2e40bd0b3-chrome-pdf.html","meta":{"rootId":"4r2v5mceh8jhk1i","id":"4r2v5mceh8jhk1i"},"id":"30va99ek3p4kpz9","previousOperationId":"849vqv3jrb72y1n"}
{"type":"log","timestamp":1653406962679,"level":"debug","message":"Page request finished: GET (document) file:///C:/Users/Toon/AppData/Local/Temp/jsreport/autocleanup/0629d165-9191-4c77-9263-04e2e40bd0b3-chrome-pdf.html","meta":{"rootId":"4r2v5mceh8jhk1i","id":"4r2v5mceh8jhk1i"},"id":"m057a4uvmj0gphx","previousOperationId":"849vqv3jrb72y1n"}
{"type":"log","timestamp":1653406962680,"level":"debug","message":"Page request: GET (stylesheet) https://fonts.googleapis.com/css2?family=Sarabun:wght@300;500;700&display=swap","meta":{"rootId":"4r2v5mceh8jhk1i","id":"4r2v5mceh8jhk1i"},"id":"q8957n2n80qaj5x","previousOperationId":"849vqv3jrb72y1n"}
{"type":"log","timestamp":1653406962683,"level":"debug","message":"Page request finished: GET (stylesheet) 200 https://fonts.googleapis.com/css2?family=Sarabun:wght@300;500;700&display=swap","meta":{"rootId":"4r2v5mceh8jhk1i","id":"4r2v5mceh8jhk1i"},"id":"x056kgaald392rg","previousOperationId":"849vqv3jrb72y1n"}
{"type":"log","timestamp":1653406962724,"level":"debug","message":"Page request: GET (font) https://fonts.gstatic.com/s/sarabun/v13/DtVmJx26TKEr37c9YL5rik8s6zDX.woff2","meta":{"rootId":"4r2v5mceh8jhk1i","id":"4r2v5mceh8jhk1i"},"id":"yy98161z1wccid1","previousOperationId":"849vqv3jrb72y1n"}
{"type":"log","timestamp":1653406962725,"level":"debug","message":"Page request: GET (font) https://fonts.gstatic.com/s/sarabun/v13/DtVmJx26TKEr37c9YL5rilss6w.woff2","meta":{"rootId":"4r2v5mceh8jhk1i","id":"4r2v5mceh8jhk1i"},"id":"m9js5y16ngfi8d5","previousOperationId":"849vqv3jrb72y1n"}
{"type":"log","timestamp":1653406962725,"level":"debug","message":"Page request: GET (font) https://fonts.gstatic.com/s/sarabun/v13/DtVmJx26TKEr37c9YK5sik8s6zDX.woff2","meta":{"rootId":"4r2v5mceh8jhk1i","id":"4r2v5mceh8jhk1i"},"id":"z0yhliq2alc30u8","previousOperationId":"849vqv3jrb72y1n"}
{"type":"log","timestamp":1653406962725,"level":"debug","message":"Page request: GET (font) https://fonts.gstatic.com/s/sarabun/v13/DtVmJx26TKEr37c9YK5silss6w.woff2","meta":{"rootId":"4r2v5mceh8jhk1i","id":"4r2v5mceh8jhk1i"},"id":"p3a449p0pm7jv0e","previousOperationId":"849vqv3jrb72y1n"}
{"type":"log","timestamp":1653406962727,"level":"debug","message":"Running chrome with params {\"printBackground\":true,\"timeout\":59956,\"margin\":{}}","meta":{"rootId":"4r2v5mceh8jhk1i","id":"4r2v5mceh8jhk1i"},"id":"vus6h8951g0cqd1","previousOperationId":"849vqv3jrb72y1n"}
{"type":"log","timestamp":1653406962743,"level":"debug","message":"Page request finished: GET (font) 200 https://fonts.gstatic.com/s/sarabun/v13/DtVmJx26TKEr37c9YL5rik8s6zDX.woff2","meta":{"rootId":"4r2v5mceh8jhk1i","id":"4r2v5mceh8jhk1i"},"id":"tyrudtr12non5l1","previousOperationId":"849vqv3jrb72y1n"}
{"type":"log","timestamp":1653406962744,"level":"debug","message":"Page request finished: GET (font) 200 https://fonts.gstatic.com/s/sarabun/v13/DtVmJx26TKEr37c9YL5rilss6w.woff2","meta":{"rootId":"4r2v5mceh8jhk1i","id":"4r2v5mceh8jhk1i"},"id":"2y2rpw08q59t5f8","previousOperationId":"849vqv3jrb72y1n"}
{"type":"log","timestamp":1653406962746,"level":"debug","message":"Page request finished: GET (font) 200 https://fonts.gstatic.com/s/sarabun/v13/DtVmJx26TKEr37c9YK5sik8s6zDX.woff2","meta":{"rootId":"4r2v5mceh8jhk1i","id":"4r2v5mceh8jhk1i"},"id":"sfk6k7jwnan8z9h","previousOperationId":"849vqv3jrb72y1n"}
{"type":"log","timestamp":1653406962747,"level":"debug","message":"Page request finished: GET (font) 200 https://fonts.gstatic.com/s/sarabun/v13/DtVmJx26TKEr37c9YK5silss6w.woff2","meta":{"rootId":"4r2v5mceh8jhk1i","id":"4r2v5mceh8jhk1i"},"id":"x9p6ief5yvxec5k","previousOperationId":"849vqv3jrb72y1n"}
{"type":"operationEnd","operationId":"849vqv3jrb72y1n","timestamp":1653406962803,"id":"g9mcbmpfa92msnj","previousEventId":"5rp9uwxpf90ekks","previousOperationId":"849vqv3jrb72y1n"}
{"type":"log","timestamp":1653406962803,"level":"debug","message":"Skipping storing report.","meta":{"rootId":"4r2v5mceh8jhk1i","id":"4r2v5mceh8jhk1i"},"id":"oraw827al15bcm7","previousOperationId":"849vqv3jrb72y1n"}
{"type":"log","timestamp":1653406962803,"level":"info","message":"Rendering request 6 finished in 283 ms","meta":{"rootId":"4r2v5mceh8jhk1i","id":"4r2v5mceh8jhk1i"},"id":"893modtdlis4lc0","previousOperationId":"849vqv3jrb72y1n"}
{"type":"operationEnd","subtype":"render","operationId":"7e4vjzpcu5do3li","timestamp":1653406962803,"id":"akw2d99k9skkxxe","previousEventId":"g9mcbmpfa92msnj","previousOperationId":"849vqv3jrb72y1n"}
{"type":"operationEnd","doDiffs":false,"previousEventId":"c06r892tcn0nslc","previousOperationId":"kjom29m91g8bezd","operationId":"kjom29m91g8bezd","timestamp":1653406962813,"id":"9rlkijn0ogkw0yk"}
