{"type":"operationStart","subtype":"profile","data":{"_id":"gbam40H7XW8L1BlH","timestamp":"2022-05-25T03:43:47.405Z","state":"queued","mode":"standard","blobName":"profiles/62vgjcxug5gtix0.log","creationDate":"2022-05-25T03:43:47.406Z","modificationDate":"2022-05-25T03:43:47.406Z","shortid":"dNM7RMh","$entitySet":"profiles"},"doDiffs":false,"timestamp":1653450227405,"id":"8t0z18wn529rizo","previousOperationId":null,"operationId":"dd4px589dbihyjc"}
{"type":"log","level":"info","message":"Render request 3 queued for execution and waiting for availible worker","previousOperationId":"dd4px589dbihyjc","timestamp":1653450227406,"id":"btl6ovmcp52mlzb"}
{"type":"operationStart","subtype":"render","name":"coffin-template","previousOperationId":"dd4px589dbihyjc","timestamp":1653450227413,"id":"vn0wlxy9z0qaash","previousEventId":"8t0z18wn529rizo","operationId":"n43bije5q2zzmk6"}
{"type":"log","timestamp":1653450227414,"level":"info","message":"Starting rendering request 3 (user: null)","meta":{"rootId":"62vgjcxug5gtix0","id":"62vgjcxug5gtix0"},"id":"f298d2bz0lem40a","previousOperationId":"n43bije5q2zzmk6"}
{"type":"log","timestamp":1653450227414,"level":"info","message":"Rendering template { name: coffin-template, recipe: chrome-pdf, engine: handlebars, preview: true }","meta":{"rootId":"62vgjcxug5gtix0","id":"62vgjcxug5gtix0"},"id":"ca7p4h5oe1weyg3","previousOperationId":"n43bije5q2zzmk6"}
{"type":"log","timestamp":1653450227415,"level":"debug","message":"Adding sample data PX7nym93v","meta":{"rootId":"62vgjcxug5gtix0","id":"62vgjcxug5gtix0"},"id":"e3p04ukyzl1uoug","previousOperationId":"n43bije5q2zzmk6"}
{"type":"log","timestamp":1653450227419,"level":"debug","message":"Base url not specified, skipping its injection.","meta":{"rootId":"62vgjcxug5gtix0","id":"62vgjcxug5gtix0"},"id":"smwy5k9cdtaqfj2","previousOperationId":"n43bije5q2zzmk6"}
{"type":"operationStart","subtype":"engine","name":"handlebars","timestamp":1653450227420,"id":"760qjgnemw5pn8j","previousEventId":"vn0wlxy9z0qaash","operationId":"jd08ic5nosjnd07","previousOperationId":"n43bije5q2zzmk6"}
{"type":"log","timestamp":1653450227420,"level":"debug","message":"Rendering engine handlebars","meta":{"rootId":"62vgjcxug5gtix0","id":"62vgjcxug5gtix0"},"id":"mk4xdp70e5tk9xa","previousOperationId":"jd08ic5nosjnd07"}
{"type":"operationEnd","operationId":"jd08ic5nosjnd07","timestamp":1653450227494,"id":"4x1uopf65j6btnr","previousEventId":"760qjgnemw5pn8j","previousOperationId":"jd08ic5nosjnd07"}
{"type":"operationStart","subtype":"recipe","name":"chrome-pdf","timestamp":1653450227495,"id":"qh08gxv3amg8fin","previousEventId":"4x1uopf65j6btnr","operationId":"lrll1t5d92ys4n3","previousOperationId":"jd08ic5nosjnd07"}
{"type":"log","timestamp":1653450227495,"level":"debug","message":"Executing recipe chrome-pdf","meta":{"rootId":"62vgjcxug5gtix0","id":"62vgjcxug5gtix0"},"id":"37oeqqm4qcfckdz","previousOperationId":"lrll1t5d92ys4n3"}
{"type":"log","timestamp":1653450227498,"level":"debug","message":"Converting with chrome HeadlessChrome/98.0.4758.0 using chrome-pool strategy","meta":{"rootId":"62vgjcxug5gtix0","id":"62vgjcxug5gtix0"},"id":"22ffhfc76y5e0hf","previousOperationId":"lrll1t5d92ys4n3"}
{"type":"log","timestamp":1653450227597,"level":"debug","message":"Page request: GET (document) file:///C:/Users/Toon/AppData/Local/Temp/jsreport/autocleanup/96785a31-edc9-4cb7-83f9-1e5062d491dd-chrome-pdf.html","meta":{"rootId":"62vgjcxug5gtix0","id":"62vgjcxug5gtix0"},"id":"ovvljfprip7akip","previousOperationId":"lrll1t5d92ys4n3"}
{"type":"log","timestamp":1653450227603,"level":"debug","message":"Page request finished: GET (document) file:///C:/Users/Toon/AppData/Local/Temp/jsreport/autocleanup/96785a31-edc9-4cb7-83f9-1e5062d491dd-chrome-pdf.html","meta":{"rootId":"62vgjcxug5gtix0","id":"62vgjcxug5gtix0"},"id":"sk8ou10ba3un3wp","previousOperationId":"lrll1t5d92ys4n3"}
{"type":"log","timestamp":1653450227604,"level":"debug","message":"Page request: GET (stylesheet) https://fonts.googleapis.com/css2?family=Sarabun:wght@300;500;700&display=swap","meta":{"rootId":"62vgjcxug5gtix0","id":"62vgjcxug5gtix0"},"id":"2pjgrg6gk4wt0ma","previousOperationId":"lrll1t5d92ys4n3"}
{"type":"log","timestamp":1653450227607,"level":"debug","message":"Page request finished: GET (stylesheet) 200 https://fonts.googleapis.com/css2?family=Sarabun:wght@300;500;700&display=swap","meta":{"rootId":"62vgjcxug5gtix0","id":"62vgjcxug5gtix0"},"id":"3d4vmfkynqj8tu4","previousOperationId":"lrll1t5d92ys4n3"}
{"type":"log","timestamp":1653450227649,"level":"debug","message":"Page request: GET (font) https://fonts.gstatic.com/s/sarabun/v13/DtVmJx26TKEr37c9YL5rik8s6zDX.woff2","meta":{"rootId":"62vgjcxug5gtix0","id":"62vgjcxug5gtix0"},"id":"4heu4rlznhdv4e9","previousOperationId":"lrll1t5d92ys4n3"}
{"type":"log","timestamp":1653450227649,"level":"debug","message":"Page request: GET (font) https://fonts.gstatic.com/s/sarabun/v13/DtVmJx26TKEr37c9YL5rilss6w.woff2","meta":{"rootId":"62vgjcxug5gtix0","id":"62vgjcxug5gtix0"},"id":"bxu96h0xmvnms0z","previousOperationId":"lrll1t5d92ys4n3"}
{"type":"log","timestamp":1653450227650,"level":"debug","message":"Page request: GET (font) https://fonts.gstatic.com/s/sarabun/v13/DtVmJx26TKEr37c9YK5sik8s6zDX.woff2","meta":{"rootId":"62vgjcxug5gtix0","id":"62vgjcxug5gtix0"},"id":"oimvoo28ol1vesp","previousOperationId":"lrll1t5d92ys4n3"}
{"type":"log","timestamp":1653450227650,"level":"debug","message":"Page request: GET (font) https://fonts.gstatic.com/s/sarabun/v13/DtVmJx26TKEr37c9YK5silss6w.woff2","meta":{"rootId":"62vgjcxug5gtix0","id":"62vgjcxug5gtix0"},"id":"xh1m5mnug7pu68y","previousOperationId":"lrll1t5d92ys4n3"}
{"type":"log","timestamp":1653450227651,"level":"debug","message":"Running chrome with params {\"printBackground\":true,\"timeout\":59908,\"margin\":{}}","meta":{"rootId":"62vgjcxug5gtix0","id":"62vgjcxug5gtix0"},"id":"7dmd6i8he769oz4","previousOperationId":"lrll1t5d92ys4n3"}
{"type":"log","timestamp":1653450227652,"level":"debug","message":"Page request: GET (font) https://fonts.gstatic.com/s/sarabun/v13/DtVmJx26TKEr37c9YL5rilss6w.woff2","meta":{"rootId":"62vgjcxug5gtix0","id":"62vgjcxug5gtix0"},"id":"g0myp6pk3937epa","previousOperationId":"lrll1t5d92ys4n3"}
{"type":"log","timestamp":1653450227665,"level":"debug","message":"Page request finished: GET (font) 200 https://fonts.gstatic.com/s/sarabun/v13/DtVmJx26TKEr37c9YL5rik8s6zDX.woff2","meta":{"rootId":"62vgjcxug5gtix0","id":"62vgjcxug5gtix0"},"id":"gky7pnpxfl2ra8o","previousOperationId":"lrll1t5d92ys4n3"}
{"type":"log","timestamp":1653450227670,"level":"debug","message":"Page request: GET (font) https://fonts.gstatic.com/s/sarabun/v13/DtVmJx26TKEr37c9YK5sik8s6zDX.woff2","meta":{"rootId":"62vgjcxug5gtix0","id":"62vgjcxug5gtix0"},"id":"4l6w5yudv44frtn","previousOperationId":"lrll1t5d92ys4n3"}
{"type":"log","timestamp":1653450227671,"level":"debug","message":"Page request: GET (font) https://fonts.gstatic.com/s/sarabun/v13/DtVmJx26TKEr37c9YK5silss6w.woff2","meta":{"rootId":"62vgjcxug5gtix0","id":"62vgjcxug5gtix0"},"id":"39ni4f2qu1m8gc4","previousOperationId":"lrll1t5d92ys4n3"}
{"type":"log","timestamp":1653450227719,"level":"debug","message":"Page request finished: GET (font) 200 https://fonts.gstatic.com/s/sarabun/v13/DtVmJx26TKEr37c9YL5rilss6w.woff2","meta":{"rootId":"62vgjcxug5gtix0","id":"62vgjcxug5gtix0"},"id":"1ernuf1jw4ep96s","previousOperationId":"lrll1t5d92ys4n3"}
{"type":"log","timestamp":1653450227720,"level":"debug","message":"Page request finished: GET (font) 200 https://fonts.gstatic.com/s/sarabun/v13/DtVmJx26TKEr37c9YK5sik8s6zDX.woff2","meta":{"rootId":"62vgjcxug5gtix0","id":"62vgjcxug5gtix0"},"id":"rzkdduj1t5ra3ux","previousOperationId":"lrll1t5d92ys4n3"}
{"type":"log","timestamp":1653450227723,"level":"debug","message":"Page request finished: GET (font) 200 https://fonts.gstatic.com/s/sarabun/v13/DtVmJx26TKEr37c9YK5silss6w.woff2","meta":{"rootId":"62vgjcxug5gtix0","id":"62vgjcxug5gtix0"},"id":"m81w1w66zmf4ga1","previousOperationId":"lrll1t5d92ys4n3"}
{"type":"operationEnd","operationId":"lrll1t5d92ys4n3","timestamp":1653450227726,"id":"k5yk4zbuoy1zv0i","previousEventId":"qh08gxv3amg8fin","previousOperationId":"lrll1t5d92ys4n3"}
{"type":"log","timestamp":1653450227726,"level":"debug","message":"Skipping storing report.","meta":{"rootId":"62vgjcxug5gtix0","id":"62vgjcxug5gtix0"},"id":"2b8zi4pdq1ejg97","previousOperationId":"lrll1t5d92ys4n3"}
{"type":"log","timestamp":1653450227726,"level":"info","message":"Rendering request 3 finished in 321 ms","meta":{"rootId":"62vgjcxug5gtix0","id":"62vgjcxug5gtix0"},"id":"ng97kn6jen1tvcf","previousOperationId":"lrll1t5d92ys4n3"}
{"type":"operationEnd","subtype":"render","operationId":"n43bije5q2zzmk6","timestamp":1653450227726,"id":"tfebjvjjyvfxygj","previousEventId":"k5yk4zbuoy1zv0i","previousOperationId":"lrll1t5d92ys4n3"}
{"type":"operationEnd","doDiffs":false,"previousEventId":"8t0z18wn529rizo","previousOperationId":"dd4px589dbihyjc","operationId":"dd4px589dbihyjc","timestamp":1653450227737,"id":"qbswno9v8gw8erz"}
