{"type":"operationStart","subtype":"profile","data":{"_id":"aMDeXYFGpiaOKhmg","timestamp":"2022-05-24T15:40:48.709Z","state":"queued","mode":"standard","blobName":"profiles/6mympv0yfp966zg.log","creationDate":"2022-05-24T15:40:48.709Z","modificationDate":"2022-05-24T15:40:48.709Z","shortid":"ATVTvc0","$entitySet":"profiles"},"doDiffs":false,"timestamp":1653406848709,"id":"ya1sntu5lf7xa3p","previousOperationId":null,"operationId":"50xbf2ruzoapp3f"}
{"type":"log","level":"info","message":"Render request 5 queued for execution and waiting for availible worker","previousOperationId":"50xbf2ruzoapp3f","timestamp":1653406848709,"id":"pgsivv52jwrv6ot"}
{"type":"operationStart","subtype":"render","name":"coffin-template","previousOperationId":"50xbf2ruzoapp3f","timestamp":1653406848725,"id":"h4uofqf5mmh2f2x","previousEventId":"ya1sntu5lf7xa3p","operationId":"9whyxzq71e8zccz"}
{"type":"log","timestamp":1653406848725,"level":"info","message":"Starting rendering request 5 (user: null)","meta":{"rootId":"6mympv0yfp966zg","id":"6mympv0yfp966zg"},"id":"7rf82l8m2cykn0o","previousOperationId":"9whyxzq71e8zccz"}
{"type":"log","timestamp":1653406848725,"level":"info","message":"Rendering template { name: coffin-template, recipe: chrome-pdf, engine: handlebars, preview: true }","meta":{"rootId":"6mympv0yfp966zg","id":"6mympv0yfp966zg"},"id":"rogzr9c5hb9n1fn","previousOperationId":"9whyxzq71e8zccz"}
{"type":"log","timestamp":1653406848726,"level":"debug","message":"Inline data specified.","meta":{"rootId":"6mympv0yfp966zg","id":"6mympv0yfp966zg"},"id":"l70476gkzibp71m","previousOperationId":"9whyxzq71e8zccz"}
{"type":"log","timestamp":1653406848729,"level":"debug","message":"Base url not specified, skipping its injection.","meta":{"rootId":"6mympv0yfp966zg","id":"6mympv0yfp966zg"},"id":"w6kdfskh0kzg0ii","previousOperationId":"9whyxzq71e8zccz"}
{"type":"operationStart","subtype":"engine","name":"handlebars","timestamp":1653406848731,"id":"152mn7nsicfq6e6","previousEventId":"h4uofqf5mmh2f2x","operationId":"x04kmnripw5kcpy","previousOperationId":"9whyxzq71e8zccz"}
{"type":"log","timestamp":1653406848731,"level":"debug","message":"Rendering engine handlebars","meta":{"rootId":"6mympv0yfp966zg","id":"6mympv0yfp966zg"},"id":"wcejpqyyl5iflqo","previousOperationId":"x04kmnripw5kcpy"}
{"type":"operationEnd","operationId":"x04kmnripw5kcpy","timestamp":1653406848770,"id":"j1e3mpc7e7n1jh4","previousEventId":"152mn7nsicfq6e6","previousOperationId":"x04kmnripw5kcpy"}
{"type":"operationStart","subtype":"recipe","name":"chrome-pdf","timestamp":1653406848770,"id":"bgylgkinvonp0vh","previousEventId":"j1e3mpc7e7n1jh4","operationId":"hjlv0nmip0olysp","previousOperationId":"x04kmnripw5kcpy"}
{"type":"log","timestamp":1653406848770,"level":"debug","message":"Executing recipe chrome-pdf","meta":{"rootId":"6mympv0yfp966zg","id":"6mympv0yfp966zg"},"id":"hpdme6s1436dlfi","previousOperationId":"hjlv0nmip0olysp"}
{"type":"log","timestamp":1653406848772,"level":"debug","message":"Converting with chrome HeadlessChrome/98.0.4758.0 using chrome-pool strategy","meta":{"rootId":"6mympv0yfp966zg","id":"6mympv0yfp966zg"},"id":"19pzm7llz0tpz4o","previousOperationId":"hjlv0nmip0olysp"}
{"type":"log","timestamp":1653406848896,"level":"debug","message":"Page request: GET (document) file:///C:/Users/Toon/AppData/Local/Temp/jsreport/autocleanup/9f2be967-4fb4-4773-901a-c9b2c80e2fe1-chrome-pdf.html","meta":{"rootId":"6mympv0yfp966zg","id":"6mympv0yfp966zg"},"id":"rktlbpcb2auvsw5","previousOperationId":"hjlv0nmip0olysp"}
{"type":"log","timestamp":1653406848902,"level":"debug","message":"Page request finished: GET (document) file:///C:/Users/Toon/AppData/Local/Temp/jsreport/autocleanup/9f2be967-4fb4-4773-901a-c9b2c80e2fe1-chrome-pdf.html","meta":{"rootId":"6mympv0yfp966zg","id":"6mympv0yfp966zg"},"id":"5nk0py7nbqupvqm","previousOperationId":"hjlv0nmip0olysp"}
{"type":"log","timestamp":1653406848903,"level":"debug","message":"Page request: GET (stylesheet) https://fonts.googleapis.com/css2?family=Sarabun:wght@300;500;700&display=swap","meta":{"rootId":"6mympv0yfp966zg","id":"6mympv0yfp966zg"},"id":"h62w7ydpgt6ba6r","previousOperationId":"hjlv0nmip0olysp"}
{"type":"log","timestamp":1653406848905,"level":"debug","message":"Page request finished: GET (stylesheet) 200 https://fonts.googleapis.com/css2?family=Sarabun:wght@300;500;700&display=swap","meta":{"rootId":"6mympv0yfp966zg","id":"6mympv0yfp966zg"},"id":"3zxxkrb0a34vh36","previousOperationId":"hjlv0nmip0olysp"}
{"type":"log","timestamp":1653406848952,"level":"debug","message":"Page request: GET (font) https://fonts.gstatic.com/s/sarabun/v13/DtVmJx26TKEr37c9YL5rik8s6zDX.woff2","meta":{"rootId":"6mympv0yfp966zg","id":"6mympv0yfp966zg"},"id":"ghn3zp63dxwgjb4","previousOperationId":"hjlv0nmip0olysp"}
{"type":"log","timestamp":1653406848953,"level":"debug","message":"Page request: GET (font) https://fonts.gstatic.com/s/sarabun/v13/DtVmJx26TKEr37c9YL5rilss6w.woff2","meta":{"rootId":"6mympv0yfp966zg","id":"6mympv0yfp966zg"},"id":"f572q5wmq7gf3zm","previousOperationId":"hjlv0nmip0olysp"}
{"type":"log","timestamp":1653406848953,"level":"debug","message":"Page request: GET (font) https://fonts.gstatic.com/s/sarabun/v13/DtVmJx26TKEr37c9YK5sik8s6zDX.woff2","meta":{"rootId":"6mympv0yfp966zg","id":"6mympv0yfp966zg"},"id":"3r467yrf3naxz4w","previousOperationId":"hjlv0nmip0olysp"}
{"type":"log","timestamp":1653406848953,"level":"debug","message":"Page request: GET (font) https://fonts.gstatic.com/s/sarabun/v13/DtVmJx26TKEr37c9YK5silss6w.woff2","meta":{"rootId":"6mympv0yfp966zg","id":"6mympv0yfp966zg"},"id":"qgurlgvfsy1cg5o","previousOperationId":"hjlv0nmip0olysp"}
{"type":"log","timestamp":1653406848954,"level":"debug","message":"Running chrome with params {\"printBackground\":true,\"timeout\":59938,\"margin\":{}}","meta":{"rootId":"6mympv0yfp966zg","id":"6mympv0yfp966zg"},"id":"1ibj29tmtcl09n7","previousOperationId":"hjlv0nmip0olysp"}
{"type":"log","timestamp":1653406848972,"level":"debug","message":"Page request finished: GET (font) 200 https://fonts.gstatic.com/s/sarabun/v13/DtVmJx26TKEr37c9YL5rik8s6zDX.woff2","meta":{"rootId":"6mympv0yfp966zg","id":"6mympv0yfp966zg"},"id":"py7ld4b1bgn0s7j","previousOperationId":"hjlv0nmip0olysp"}
{"type":"log","timestamp":1653406848974,"level":"debug","message":"Page request finished: GET (font) 200 https://fonts.gstatic.com/s/sarabun/v13/DtVmJx26TKEr37c9YL5rilss6w.woff2","meta":{"rootId":"6mympv0yfp966zg","id":"6mympv0yfp966zg"},"id":"ysmcia0yvm8y3kw","previousOperationId":"hjlv0nmip0olysp"}
{"type":"log","timestamp":1653406848975,"level":"debug","message":"Page request finished: GET (font) 200 https://fonts.gstatic.com/s/sarabun/v13/DtVmJx26TKEr37c9YK5sik8s6zDX.woff2","meta":{"rootId":"6mympv0yfp966zg","id":"6mympv0yfp966zg"},"id":"73qo6dp067rnsb8","previousOperationId":"hjlv0nmip0olysp"}
{"type":"log","timestamp":1653406848976,"level":"debug","message":"Page request finished: GET (font) 200 https://fonts.gstatic.com/s/sarabun/v13/DtVmJx26TKEr37c9YK5silss6w.woff2","meta":{"rootId":"6mympv0yfp966zg","id":"6mympv0yfp966zg"},"id":"edkn6xeost8dzs9","previousOperationId":"hjlv0nmip0olysp"}
{"type":"operationEnd","operationId":"hjlv0nmip0olysp","timestamp":1653406849017,"id":"ukor1rpv7eij1tj","previousEventId":"bgylgkinvonp0vh","previousOperationId":"hjlv0nmip0olysp"}
{"type":"log","timestamp":1653406849017,"level":"debug","message":"Skipping storing report.","meta":{"rootId":"6mympv0yfp966zg","id":"6mympv0yfp966zg"},"id":"xdcx45s3dj9ybi0","previousOperationId":"hjlv0nmip0olysp"}
{"type":"log","timestamp":1653406849018,"level":"info","message":"Rendering request 5 finished in 309 ms","meta":{"rootId":"6mympv0yfp966zg","id":"6mympv0yfp966zg"},"id":"moqzsldy5409r44","previousOperationId":"hjlv0nmip0olysp"}
{"type":"operationEnd","subtype":"render","operationId":"9whyxzq71e8zccz","timestamp":1653406849018,"id":"6xm3b0ok789290j","previousEventId":"ukor1rpv7eij1tj","previousOperationId":"hjlv0nmip0olysp"}
{"type":"operationEnd","doDiffs":false,"previousEventId":"ya1sntu5lf7xa3p","previousOperationId":"50xbf2ruzoapp3f","operationId":"50xbf2ruzoapp3f","timestamp":1653406849030,"id":"4b3efvnxkse8v51"}
