{"type":"operationStart","subtype":"profile","data":{"_id":"b8yUxNjErr3JC8bs","timestamp":"2022-05-25T03:43:51.095Z","state":"queued","mode":"standard","blobName":"profiles/9mf59262a2n1bq9.log","creationDate":"2022-05-25T03:43:51.096Z","modificationDate":"2022-05-25T03:43:51.096Z","shortid":"dBwVb_3","$entitySet":"profiles"},"doDiffs":false,"timestamp":1653450231095,"id":"ywsnutk0n39ogoj","previousOperationId":null,"operationId":"jssoj39s0pinaip"}
{"type":"log","level":"info","message":"Render request 4 queued for execution and waiting for availible worker","previousOperationId":"jssoj39s0pinaip","timestamp":1653450231095,"id":"cjp9xk7xv15qr6w"}
{"type":"operationStart","subtype":"render","name":"coffin-template","previousOperationId":"jssoj39s0pinaip","timestamp":1653450231105,"id":"l6baoyri4o0pu3q","previousEventId":"ywsnutk0n39ogoj","operationId":"6r02grh0i3rgjyp"}
{"type":"log","timestamp":1653450231105,"level":"info","message":"Starting rendering request 4 (user: null)","meta":{"rootId":"9mf59262a2n1bq9","id":"9mf59262a2n1bq9"},"id":"lllsl59kunoz9vx","previousOperationId":"6r02grh0i3rgjyp"}
{"type":"log","timestamp":1653450231105,"level":"info","message":"Rendering template { name: coffin-template, recipe: chrome-pdf, engine: handlebars, preview: true }","meta":{"rootId":"9mf59262a2n1bq9","id":"9mf59262a2n1bq9"},"id":"5cnzip7skhmkyde","previousOperationId":"6r02grh0i3rgjyp"}
{"type":"log","timestamp":1653450231108,"level":"debug","message":"Inline data specified.","meta":{"rootId":"9mf59262a2n1bq9","id":"9mf59262a2n1bq9"},"id":"hsvwqt7z1wqs215","previousOperationId":"6r02grh0i3rgjyp"}
{"type":"log","timestamp":1653450231110,"level":"debug","message":"Base url not specified, skipping its injection.","meta":{"rootId":"9mf59262a2n1bq9","id":"9mf59262a2n1bq9"},"id":"tab39qj94bbpxd5","previousOperationId":"6r02grh0i3rgjyp"}
{"type":"operationStart","subtype":"engine","name":"handlebars","timestamp":1653450231111,"id":"z34eg0mvueieilb","previousEventId":"l6baoyri4o0pu3q","operationId":"6arub0p98hcuf2p","previousOperationId":"6r02grh0i3rgjyp"}
{"type":"log","timestamp":1653450231111,"level":"debug","message":"Rendering engine handlebars","meta":{"rootId":"9mf59262a2n1bq9","id":"9mf59262a2n1bq9"},"id":"c5feyqfdye479pw","previousOperationId":"6arub0p98hcuf2p"}
{"type":"operationEnd","operationId":"6arub0p98hcuf2p","timestamp":1653450231190,"id":"sthi3gede7rbxtn","previousEventId":"z34eg0mvueieilb","previousOperationId":"6arub0p98hcuf2p"}
{"type":"operationStart","subtype":"recipe","name":"chrome-pdf","timestamp":1653450231190,"id":"8uykasbyyfrgmgm","previousEventId":"sthi3gede7rbxtn","operationId":"l41bcu4oa7sew37","previousOperationId":"6arub0p98hcuf2p"}
{"type":"log","timestamp":1653450231190,"level":"debug","message":"Executing recipe chrome-pdf","meta":{"rootId":"9mf59262a2n1bq9","id":"9mf59262a2n1bq9"},"id":"5eiwc4820qh1xnw","previousOperationId":"l41bcu4oa7sew37"}
{"type":"log","timestamp":1653450231192,"level":"debug","message":"Converting with chrome HeadlessChrome/98.0.4758.0 using chrome-pool strategy","meta":{"rootId":"9mf59262a2n1bq9","id":"9mf59262a2n1bq9"},"id":"vh1fhxbvth8h83n","previousOperationId":"l41bcu4oa7sew37"}
{"type":"log","timestamp":1653450231296,"level":"debug","message":"Page request: GET (document) file:///C:/Users/Toon/AppData/Local/Temp/jsreport/autocleanup/e981c211-94d3-4be8-8027-66b67f6fb304-chrome-pdf.html","meta":{"rootId":"9mf59262a2n1bq9","id":"9mf59262a2n1bq9"},"id":"ygotku18yp0qzei","previousOperationId":"l41bcu4oa7sew37"}
{"type":"log","timestamp":1653450231305,"level":"debug","message":"Page request finished: GET (document) file:///C:/Users/Toon/AppData/Local/Temp/jsreport/autocleanup/e981c211-94d3-4be8-8027-66b67f6fb304-chrome-pdf.html","meta":{"rootId":"9mf59262a2n1bq9","id":"9mf59262a2n1bq9"},"id":"ueubmjfr039zweh","previousOperationId":"l41bcu4oa7sew37"}
{"type":"log","timestamp":1653450231306,"level":"debug","message":"Page request: GET (stylesheet) https://fonts.googleapis.com/css2?family=Sarabun:wght@300;500;700&display=swap","meta":{"rootId":"9mf59262a2n1bq9","id":"9mf59262a2n1bq9"},"id":"gz7oatp3r71hwij","previousOperationId":"l41bcu4oa7sew37"}
{"type":"log","timestamp":1653450231312,"level":"debug","message":"Page request finished: GET (stylesheet) 200 https://fonts.googleapis.com/css2?family=Sarabun:wght@300;500;700&display=swap","meta":{"rootId":"9mf59262a2n1bq9","id":"9mf59262a2n1bq9"},"id":"mam3pfe4a32czj9","previousOperationId":"l41bcu4oa7sew37"}
{"type":"log","timestamp":1653450231357,"level":"debug","message":"Page request: GET (font) https://fonts.gstatic.com/s/sarabun/v13/DtVmJx26TKEr37c9YL5rik8s6zDX.woff2","meta":{"rootId":"9mf59262a2n1bq9","id":"9mf59262a2n1bq9"},"id":"2em8u5tnbibrf64","previousOperationId":"l41bcu4oa7sew37"}
{"type":"log","timestamp":1653450231358,"level":"debug","message":"Page request: GET (font) https://fonts.gstatic.com/s/sarabun/v13/DtVmJx26TKEr37c9YL5rilss6w.woff2","meta":{"rootId":"9mf59262a2n1bq9","id":"9mf59262a2n1bq9"},"id":"imluh2vvnpk6j2s","previousOperationId":"l41bcu4oa7sew37"}
{"type":"log","timestamp":1653450231358,"level":"debug","message":"Page request: GET (font) https://fonts.gstatic.com/s/sarabun/v13/DtVmJx26TKEr37c9YK5sik8s6zDX.woff2","meta":{"rootId":"9mf59262a2n1bq9","id":"9mf59262a2n1bq9"},"id":"32exg2v4tb1ew9h","previousOperationId":"l41bcu4oa7sew37"}
{"type":"log","timestamp":1653450231359,"level":"debug","message":"Page request: GET (font) https://fonts.gstatic.com/s/sarabun/v13/DtVmJx26TKEr37c9YK5silss6w.woff2","meta":{"rootId":"9mf59262a2n1bq9","id":"9mf59262a2n1bq9"},"id":"ri30zcgu9upwts7","previousOperationId":"l41bcu4oa7sew37"}
{"type":"log","timestamp":1653450231360,"level":"debug","message":"Running chrome with params {\"printBackground\":true,\"timeout\":59903,\"margin\":{}}","meta":{"rootId":"9mf59262a2n1bq9","id":"9mf59262a2n1bq9"},"id":"i2wkibc1k85qsxd","previousOperationId":"l41bcu4oa7sew37"}
{"type":"log","timestamp":1653450231361,"level":"debug","message":"Page request finished: GET (font) 200 https://fonts.gstatic.com/s/sarabun/v13/DtVmJx26TKEr37c9YL5rik8s6zDX.woff2","meta":{"rootId":"9mf59262a2n1bq9","id":"9mf59262a2n1bq9"},"id":"7fwsbnbb17ecmxv","previousOperationId":"l41bcu4oa7sew37"}
{"type":"log","timestamp":1653450231374,"level":"debug","message":"Page request finished: GET (font) 200 https://fonts.gstatic.com/s/sarabun/v13/DtVmJx26TKEr37c9YL5rilss6w.woff2","meta":{"rootId":"9mf59262a2n1bq9","id":"9mf59262a2n1bq9"},"id":"i6j9uwz1dnocs4i","previousOperationId":"l41bcu4oa7sew37"}
{"type":"log","timestamp":1653450231375,"level":"debug","message":"Page request finished: GET (font) 200 https://fonts.gstatic.com/s/sarabun/v13/DtVmJx26TKEr37c9YK5sik8s6zDX.woff2","meta":{"rootId":"9mf59262a2n1bq9","id":"9mf59262a2n1bq9"},"id":"bor3zgg9rsupbzx","previousOperationId":"l41bcu4oa7sew37"}
{"type":"log","timestamp":1653450231376,"level":"debug","message":"Page request finished: GET (font) 200 https://fonts.gstatic.com/s/sarabun/v13/DtVmJx26TKEr37c9YK5silss6w.woff2","meta":{"rootId":"9mf59262a2n1bq9","id":"9mf59262a2n1bq9"},"id":"w0mylqnint67ocr","previousOperationId":"l41bcu4oa7sew37"}
{"type":"operationEnd","operationId":"l41bcu4oa7sew37","timestamp":1653450231418,"id":"3bc6l64wymx1g9t","previousEventId":"8uykasbyyfrgmgm","previousOperationId":"l41bcu4oa7sew37"}
{"type":"log","timestamp":1653450231419,"level":"debug","message":"Skipping storing report.","meta":{"rootId":"9mf59262a2n1bq9","id":"9mf59262a2n1bq9"},"id":"9btw0i8c75tzl6e","previousOperationId":"l41bcu4oa7sew37"}
{"type":"log","timestamp":1653450231419,"level":"info","message":"Rendering request 4 finished in 324 ms","meta":{"rootId":"9mf59262a2n1bq9","id":"9mf59262a2n1bq9"},"id":"x0u751hkihwr4ve","previousOperationId":"l41bcu4oa7sew37"}
{"type":"operationEnd","subtype":"render","operationId":"6r02grh0i3rgjyp","timestamp":1653450231419,"id":"aihay12pjqxo1e4","previousEventId":"3bc6l64wymx1g9t","previousOperationId":"l41bcu4oa7sew37"}
{"type":"operationEnd","doDiffs":false,"previousEventId":"ywsnutk0n39ogoj","previousOperationId":"jssoj39s0pinaip","operationId":"jssoj39s0pinaip","timestamp":1653450231422,"id":"gjavnjf48rb23hg"}
