{"type":"operationStart","subtype":"profile","data":{"_id":"aNSLatUa4stjQeCI","timestamp":"2022-05-24T15:40:25.655Z","state":"queued","mode":"standard","blobName":"profiles/gf54uriejmcozqw.log","creationDate":"2022-05-24T15:40:25.656Z","modificationDate":"2022-05-24T15:40:25.656Z","shortid":"_VuRl5s","$entitySet":"profiles"},"doDiffs":false,"timestamp":1653406825655,"id":"bt24v4k7x9dwtxk","previousOperationId":null,"operationId":"zx6zecokasi7ubt"}
{"type":"log","level":"info","message":"Render request 2 queued for execution and waiting for availible worker","previousOperationId":"zx6zecokasi7ubt","timestamp":1653406825655,"id":"gmmpqvw1srr6kjj"}
{"type":"operationStart","subtype":"render","name":"coffin-template","previousOperationId":"zx6zecokasi7ubt","timestamp":1653406825663,"id":"weqlbudcr4vx7sd","previousEventId":"bt24v4k7x9dwtxk","operationId":"5l6g47wbgpyopl3"}
{"type":"log","timestamp":1653406825664,"level":"info","message":"Starting rendering request 2 (user: null)","meta":{"rootId":"gf54uriejmcozqw","id":"gf54uriejmcozqw"},"id":"mmak9d6sbepv4l6","previousOperationId":"5l6g47wbgpyopl3"}
{"type":"log","timestamp":1653406825664,"level":"info","message":"Rendering template { name: coffin-template, recipe: chrome-pdf, engine: handlebars, preview: true }","meta":{"rootId":"gf54uriejmcozqw","id":"gf54uriejmcozqw"},"id":"ijsthtx4ovxwwvm","previousOperationId":"5l6g47wbgpyopl3"}
{"type":"log","timestamp":1653406825665,"level":"debug","message":"Inline data specified.","meta":{"rootId":"gf54uriejmcozqw","id":"gf54uriejmcozqw"},"id":"nz2aty80guoegps","previousOperationId":"5l6g47wbgpyopl3"}
{"type":"log","timestamp":1653406825668,"level":"debug","message":"Base url not specified, skipping its injection.","meta":{"rootId":"gf54uriejmcozqw","id":"gf54uriejmcozqw"},"id":"5u7e31v1nrkhlz3","previousOperationId":"5l6g47wbgpyopl3"}
{"type":"operationStart","subtype":"engine","name":"handlebars","timestamp":1653406825668,"id":"6fzyvyhq15z4izu","previousEventId":"weqlbudcr4vx7sd","operationId":"0jg2x8dx8dp51fq","previousOperationId":"5l6g47wbgpyopl3"}
{"type":"log","timestamp":1653406825668,"level":"debug","message":"Rendering engine handlebars","meta":{"rootId":"gf54uriejmcozqw","id":"gf54uriejmcozqw"},"id":"2c3ncrru00lf9i5","previousOperationId":"0jg2x8dx8dp51fq"}
{"type":"operationEnd","operationId":"0jg2x8dx8dp51fq","timestamp":1653406825746,"id":"p6bceerq9pc9o19","previousEventId":"6fzyvyhq15z4izu","previousOperationId":"0jg2x8dx8dp51fq"}
{"type":"operationStart","subtype":"recipe","name":"chrome-pdf","timestamp":1653406825746,"id":"b9putntw5dskjpw","previousEventId":"p6bceerq9pc9o19","operationId":"tzlvcsfhafog3y6","previousOperationId":"0jg2x8dx8dp51fq"}
{"type":"log","timestamp":1653406825746,"level":"debug","message":"Executing recipe chrome-pdf","meta":{"rootId":"gf54uriejmcozqw","id":"gf54uriejmcozqw"},"id":"1dq9tv3oe1zr5ob","previousOperationId":"tzlvcsfhafog3y6"}
{"type":"log","timestamp":1653406825749,"level":"debug","message":"Converting with chrome HeadlessChrome/98.0.4758.0 using chrome-pool strategy","meta":{"rootId":"gf54uriejmcozqw","id":"gf54uriejmcozqw"},"id":"a604mimmazjx320","previousOperationId":"tzlvcsfhafog3y6"}
{"type":"log","timestamp":1653406825832,"level":"debug","message":"Page request: GET (document) file:///C:/Users/Toon/AppData/Local/Temp/jsreport/autocleanup/7c0f2a49-0610-40ba-8b2d-9066c0247db8-chrome-pdf.html","meta":{"rootId":"gf54uriejmcozqw","id":"gf54uriejmcozqw"},"id":"b21caqrnorycfg1","previousOperationId":"tzlvcsfhafog3y6"}
{"type":"log","timestamp":1653406825839,"level":"debug","message":"Page request finished: GET (document) file:///C:/Users/Toon/AppData/Local/Temp/jsreport/autocleanup/7c0f2a49-0610-40ba-8b2d-9066c0247db8-chrome-pdf.html","meta":{"rootId":"gf54uriejmcozqw","id":"gf54uriejmcozqw"},"id":"18d7u10yypsz7m0","previousOperationId":"tzlvcsfhafog3y6"}
{"type":"log","timestamp":1653406825840,"level":"debug","message":"Page request: GET (stylesheet) https://fonts.googleapis.com/css2?family=Sarabun:wght@300;500;700&display=swap","meta":{"rootId":"gf54uriejmcozqw","id":"gf54uriejmcozqw"},"id":"xgofr60dg6kepox","previousOperationId":"tzlvcsfhafog3y6"}
{"type":"log","timestamp":1653406825843,"level":"debug","message":"Page request finished: GET (stylesheet) 200 https://fonts.googleapis.com/css2?family=Sarabun:wght@300;500;700&display=swap","meta":{"rootId":"gf54uriejmcozqw","id":"gf54uriejmcozqw"},"id":"2ys5lbvy4ypdt3i","previousOperationId":"tzlvcsfhafog3y6"}
{"type":"log","timestamp":1653406825884,"level":"debug","message":"Page request: GET (font) https://fonts.gstatic.com/s/sarabun/v13/DtVmJx26TKEr37c9YL5rik8s6zDX.woff2","meta":{"rootId":"gf54uriejmcozqw","id":"gf54uriejmcozqw"},"id":"19ms6k0n1arjk7w","previousOperationId":"tzlvcsfhafog3y6"}
{"type":"log","timestamp":1653406825884,"level":"debug","message":"Page request: GET (font) https://fonts.gstatic.com/s/sarabun/v13/DtVmJx26TKEr37c9YL5rilss6w.woff2","meta":{"rootId":"gf54uriejmcozqw","id":"gf54uriejmcozqw"},"id":"pxy6gnkxg4rlwkp","previousOperationId":"tzlvcsfhafog3y6"}
{"type":"log","timestamp":1653406825885,"level":"debug","message":"Page request: GET (font) https://fonts.gstatic.com/s/sarabun/v13/DtVmJx26TKEr37c9YK5sik8s6zDX.woff2","meta":{"rootId":"gf54uriejmcozqw","id":"gf54uriejmcozqw"},"id":"1t9uttalpq4uagh","previousOperationId":"tzlvcsfhafog3y6"}
{"type":"log","timestamp":1653406825885,"level":"debug","message":"Page request: GET (font) https://fonts.gstatic.com/s/sarabun/v13/DtVmJx26TKEr37c9YK5silss6w.woff2","meta":{"rootId":"gf54uriejmcozqw","id":"gf54uriejmcozqw"},"id":"kxxcgk25q1fs6y9","previousOperationId":"tzlvcsfhafog3y6"}
{"type":"log","timestamp":1653406825886,"level":"debug","message":"Running chrome with params {\"printBackground\":true,\"timeout\":59907,\"margin\":{}}","meta":{"rootId":"gf54uriejmcozqw","id":"gf54uriejmcozqw"},"id":"2upitkelcj214kl","previousOperationId":"tzlvcsfhafog3y6"}
{"type":"log","timestamp":1653406825887,"level":"debug","message":"Page request: GET (font) https://fonts.gstatic.com/s/sarabun/v13/DtVmJx26TKEr37c9YL5rik8s6zDX.woff2","meta":{"rootId":"gf54uriejmcozqw","id":"gf54uriejmcozqw"},"id":"a7fr912kjf4y8gk","previousOperationId":"tzlvcsfhafog3y6"}
{"type":"log","timestamp":1653406825887,"level":"debug","message":"Page request: GET (font) https://fonts.gstatic.com/s/sarabun/v13/DtVmJx26TKEr37c9YL5rilss6w.woff2","meta":{"rootId":"gf54uriejmcozqw","id":"gf54uriejmcozqw"},"id":"dr0pty7fa5tk2wc","previousOperationId":"tzlvcsfhafog3y6"}
{"type":"log","timestamp":1653406825888,"level":"debug","message":"Page request: GET (font) https://fonts.gstatic.com/s/sarabun/v13/DtVmJx26TKEr37c9YK5sik8s6zDX.woff2","meta":{"rootId":"gf54uriejmcozqw","id":"gf54uriejmcozqw"},"id":"p92y0xa5woh4fwz","previousOperationId":"tzlvcsfhafog3y6"}
{"type":"log","timestamp":1653406825888,"level":"debug","message":"Page request: GET (font) https://fonts.gstatic.com/s/sarabun/v13/DtVmJx26TKEr37c9YK5silss6w.woff2","meta":{"rootId":"gf54uriejmcozqw","id":"gf54uriejmcozqw"},"id":"vepoeaabb5tkofq","previousOperationId":"tzlvcsfhafog3y6"}
{"type":"log","timestamp":1653406825969,"level":"debug","message":"Page request finished: GET (font) 200 https://fonts.gstatic.com/s/sarabun/v13/DtVmJx26TKEr37c9YL5rik8s6zDX.woff2","meta":{"rootId":"gf54uriejmcozqw","id":"gf54uriejmcozqw"},"id":"5pbu33sqjnsqrr4","previousOperationId":"tzlvcsfhafog3y6"}
{"type":"log","timestamp":1653406825970,"level":"debug","message":"Page request finished: GET (font) 200 https://fonts.gstatic.com/s/sarabun/v13/DtVmJx26TKEr37c9YL5rilss6w.woff2","meta":{"rootId":"gf54uriejmcozqw","id":"gf54uriejmcozqw"},"id":"yxzfg1ifjoos4a7","previousOperationId":"tzlvcsfhafog3y6"}
{"type":"log","timestamp":1653406825971,"level":"debug","message":"Page request finished: GET (font) 200 https://fonts.gstatic.com/s/sarabun/v13/DtVmJx26TKEr37c9YK5silss6w.woff2","meta":{"rootId":"gf54uriejmcozqw","id":"gf54uriejmcozqw"},"id":"fo46bk3utf0j1je","previousOperationId":"tzlvcsfhafog3y6"}
{"type":"log","timestamp":1653406825972,"level":"debug","message":"Page request finished: GET (font) 200 https://fonts.gstatic.com/s/sarabun/v13/DtVmJx26TKEr37c9YK5sik8s6zDX.woff2","meta":{"rootId":"gf54uriejmcozqw","id":"gf54uriejmcozqw"},"id":"u5te6s8va1swk8j","previousOperationId":"tzlvcsfhafog3y6"}
{"type":"operationEnd","operationId":"tzlvcsfhafog3y6","timestamp":1653406825975,"id":"id4w0jw149f2r0f","previousEventId":"b9putntw5dskjpw","previousOperationId":"tzlvcsfhafog3y6"}
{"type":"log","timestamp":1653406825976,"level":"debug","message":"Skipping storing report.","meta":{"rootId":"gf54uriejmcozqw","id":"gf54uriejmcozqw"},"id":"300e3z1bloi4wii","previousOperationId":"tzlvcsfhafog3y6"}
{"type":"log","timestamp":1653406825976,"level":"info","message":"Rendering request 2 finished in 321 ms","meta":{"rootId":"gf54uriejmcozqw","id":"gf54uriejmcozqw"},"id":"h1uw313778j6dnc","previousOperationId":"tzlvcsfhafog3y6"}
{"type":"operationEnd","subtype":"render","operationId":"5l6g47wbgpyopl3","timestamp":1653406825976,"id":"imc1qexnrpomauu","previousEventId":"id4w0jw149f2r0f","previousOperationId":"tzlvcsfhafog3y6"}
{"type":"operationEnd","doDiffs":false,"previousEventId":"bt24v4k7x9dwtxk","previousOperationId":"zx6zecokasi7ubt","operationId":"zx6zecokasi7ubt","timestamp":1653406825984,"id":"p1uf6ib33vis6yu"}
