{"type":"operationStart","subtype":"profile","data":{"_id":"c7Jj6nzbTGmR7Wc8","timestamp":"2022-05-25T03:46:59.967Z","state":"queued","mode":"standard","blobName":"profiles/jwcws163r3lzgx4.log","creationDate":"2022-05-25T03:46:59.968Z","modificationDate":"2022-05-25T03:46:59.968Z","shortid":"KhnHsW1","$entitySet":"profiles"},"doDiffs":false,"timestamp":1653450419967,"id":"yfxdus9drtd77u6","previousOperationId":null,"operationId":"9uos9n3pead04b8"}
{"type":"log","level":"info","message":"Render request 5 queued for execution and waiting for availible worker","previousOperationId":"9uos9n3pead04b8","timestamp":1653450419967,"id":"1dnu3gbjjec3j5u"}
{"type":"operationStart","subtype":"render","name":"coffin-template","previousOperationId":"9uos9n3pead04b8","timestamp":1653450419975,"id":"0icd5zq2c335p6x","previousEventId":"yfxdus9drtd77u6","operationId":"xwj5qc145qq5lq8"}
{"type":"log","timestamp":1653450419975,"level":"info","message":"Starting rendering request 5 (user: null)","meta":{"rootId":"jwcws163r3lzgx4","id":"jwcws163r3lzgx4"},"id":"nv6itkz9y1inkp2","previousOperationId":"xwj5qc145qq5lq8"}
{"type":"log","timestamp":1653450419975,"level":"info","message":"Rendering template { name: coffin-template, recipe: chrome-pdf, engine: handlebars, preview: true }","meta":{"rootId":"jwcws163r3lzgx4","id":"jwcws163r3lzgx4"},"id":"lhtr9kbrbeffqli","previousOperationId":"xwj5qc145qq5lq8"}
{"type":"log","timestamp":1653450419977,"level":"debug","message":"Adding sample data PX7nym93v","meta":{"rootId":"jwcws163r3lzgx4","id":"jwcws163r3lzgx4"},"id":"hvlk7wf5xu390da","previousOperationId":"xwj5qc145qq5lq8"}
{"type":"log","timestamp":1653450419982,"level":"debug","message":"Base url not specified, skipping its injection.","meta":{"rootId":"jwcws163r3lzgx4","id":"jwcws163r3lzgx4"},"id":"tvrqxdl1tjcc5o2","previousOperationId":"xwj5qc145qq5lq8"}
{"type":"operationStart","subtype":"engine","name":"handlebars","timestamp":1653450419982,"id":"qnlp8ccs3pd0kaq","previousEventId":"0icd5zq2c335p6x","operationId":"zin2oksoauy1fmp","previousOperationId":"xwj5qc145qq5lq8"}
{"type":"log","timestamp":1653450419982,"level":"debug","message":"Rendering engine handlebars","meta":{"rootId":"jwcws163r3lzgx4","id":"jwcws163r3lzgx4"},"id":"900bzrerswest57","previousOperationId":"zin2oksoauy1fmp"}
{"type":"operationEnd","operationId":"zin2oksoauy1fmp","timestamp":1653450420036,"id":"847xs4ewal2s7gq","previousEventId":"qnlp8ccs3pd0kaq","previousOperationId":"zin2oksoauy1fmp"}
{"type":"operationStart","subtype":"recipe","name":"chrome-pdf","timestamp":1653450420036,"id":"pk7v9ki64tnuk9q","previousEventId":"847xs4ewal2s7gq","operationId":"cc57jyoz2yahu3v","previousOperationId":"zin2oksoauy1fmp"}
{"type":"log","timestamp":1653450420036,"level":"debug","message":"Executing recipe chrome-pdf","meta":{"rootId":"jwcws163r3lzgx4","id":"jwcws163r3lzgx4"},"id":"0r218lxh5hx0b5s","previousOperationId":"cc57jyoz2yahu3v"}
{"type":"log","timestamp":1653450420038,"level":"debug","message":"Converting with chrome HeadlessChrome/98.0.4758.0 using chrome-pool strategy","meta":{"rootId":"jwcws163r3lzgx4","id":"jwcws163r3lzgx4"},"id":"i8blu39h28qi5sq","previousOperationId":"cc57jyoz2yahu3v"}
{"type":"log","timestamp":1653450420125,"level":"debug","message":"Page request: GET (document) file:///C:/Users/Toon/AppData/Local/Temp/jsreport/autocleanup/e7b5e338-72bb-4a92-a878-22fcde9fb347-chrome-pdf.html","meta":{"rootId":"jwcws163r3lzgx4","id":"jwcws163r3lzgx4"},"id":"9s2oysdfnt9bbjg","previousOperationId":"cc57jyoz2yahu3v"}
{"type":"log","timestamp":1653450420131,"level":"debug","message":"Page request finished: GET (document) file:///C:/Users/Toon/AppData/Local/Temp/jsreport/autocleanup/e7b5e338-72bb-4a92-a878-22fcde9fb347-chrome-pdf.html","meta":{"rootId":"jwcws163r3lzgx4","id":"jwcws163r3lzgx4"},"id":"c2pwyyfn8lhlor9","previousOperationId":"cc57jyoz2yahu3v"}
{"type":"log","timestamp":1653450420132,"level":"debug","message":"Page request: GET (stylesheet) https://fonts.googleapis.com/css2?family=Sarabun:wght@300;500;700&display=swap","meta":{"rootId":"jwcws163r3lzgx4","id":"jwcws163r3lzgx4"},"id":"5lwk0wu96arlmu2","previousOperationId":"cc57jyoz2yahu3v"}
{"type":"log","timestamp":1653450420137,"level":"debug","message":"Page request finished: GET (stylesheet) 200 https://fonts.googleapis.com/css2?family=Sarabun:wght@300;500;700&display=swap","meta":{"rootId":"jwcws163r3lzgx4","id":"jwcws163r3lzgx4"},"id":"1n08iu2qi2mjd07","previousOperationId":"cc57jyoz2yahu3v"}
{"type":"log","timestamp":1653450420187,"level":"debug","message":"Page request: GET (font) https://fonts.gstatic.com/s/sarabun/v13/DtVmJx26TKEr37c9YL5rik8s6zDX.woff2","meta":{"rootId":"jwcws163r3lzgx4","id":"jwcws163r3lzgx4"},"id":"h3lxsvoft9lki17","previousOperationId":"cc57jyoz2yahu3v"}
{"type":"log","timestamp":1653450420187,"level":"debug","message":"Page request: GET (font) https://fonts.gstatic.com/s/sarabun/v13/DtVmJx26TKEr37c9YL5rilss6w.woff2","meta":{"rootId":"jwcws163r3lzgx4","id":"jwcws163r3lzgx4"},"id":"yjjqv7mk5t8bkmn","previousOperationId":"cc57jyoz2yahu3v"}
{"type":"log","timestamp":1653450420188,"level":"debug","message":"Page request: GET (font) https://fonts.gstatic.com/s/sarabun/v13/DtVmJx26TKEr37c9YK5sik8s6zDX.woff2","meta":{"rootId":"jwcws163r3lzgx4","id":"jwcws163r3lzgx4"},"id":"g1vb1zwb661kn66","previousOperationId":"cc57jyoz2yahu3v"}
{"type":"log","timestamp":1653450420188,"level":"debug","message":"Page request: GET (font) https://fonts.gstatic.com/s/sarabun/v13/DtVmJx26TKEr37c9YK5silss6w.woff2","meta":{"rootId":"jwcws163r3lzgx4","id":"jwcws163r3lzgx4"},"id":"pr9qxazf1t8oxm1","previousOperationId":"cc57jyoz2yahu3v"}
{"type":"log","timestamp":1653450420189,"level":"debug","message":"Running chrome with params {\"printBackground\":true,\"timeout\":59930,\"margin\":{}}","meta":{"rootId":"jwcws163r3lzgx4","id":"jwcws163r3lzgx4"},"id":"g2xldrn6xve6kc7","previousOperationId":"cc57jyoz2yahu3v"}
{"type":"log","timestamp":1653450420203,"level":"debug","message":"Page request finished: GET (font) 200 https://fonts.gstatic.com/s/sarabun/v13/DtVmJx26TKEr37c9YL5rik8s6zDX.woff2","meta":{"rootId":"jwcws163r3lzgx4","id":"jwcws163r3lzgx4"},"id":"dsp38wurafun4hl","previousOperationId":"cc57jyoz2yahu3v"}
{"type":"log","timestamp":1653450420209,"level":"debug","message":"Page request finished: GET (font) 200 https://fonts.gstatic.com/s/sarabun/v13/DtVmJx26TKEr37c9YL5rilss6w.woff2","meta":{"rootId":"jwcws163r3lzgx4","id":"jwcws163r3lzgx4"},"id":"hew5tkavg2txd6q","previousOperationId":"cc57jyoz2yahu3v"}
{"type":"log","timestamp":1653450420211,"level":"debug","message":"Page request finished: GET (font) 200 https://fonts.gstatic.com/s/sarabun/v13/DtVmJx26TKEr37c9YK5sik8s6zDX.woff2","meta":{"rootId":"jwcws163r3lzgx4","id":"jwcws163r3lzgx4"},"id":"2tul31qwmpeyn8k","previousOperationId":"cc57jyoz2yahu3v"}
{"type":"log","timestamp":1653450420212,"level":"debug","message":"Page request finished: GET (font) 200 https://fonts.gstatic.com/s/sarabun/v13/DtVmJx26TKEr37c9YK5silss6w.woff2","meta":{"rootId":"jwcws163r3lzgx4","id":"jwcws163r3lzgx4"},"id":"6sfzblpyoja35sm","previousOperationId":"cc57jyoz2yahu3v"}
{"type":"operationEnd","operationId":"cc57jyoz2yahu3v","timestamp":1653450420252,"id":"lneponmoam5uxxo","previousEventId":"pk7v9ki64tnuk9q","previousOperationId":"cc57jyoz2yahu3v"}
{"type":"log","timestamp":1653450420252,"level":"debug","message":"Skipping storing report.","meta":{"rootId":"jwcws163r3lzgx4","id":"jwcws163r3lzgx4"},"id":"4e78niw8604kodk","previousOperationId":"cc57jyoz2yahu3v"}
{"type":"log","timestamp":1653450420253,"level":"info","message":"Rendering request 5 finished in 285 ms","meta":{"rootId":"jwcws163r3lzgx4","id":"jwcws163r3lzgx4"},"id":"fmzh2cu91fz0n0g","previousOperationId":"cc57jyoz2yahu3v"}
{"type":"operationEnd","subtype":"render","operationId":"xwj5qc145qq5lq8","timestamp":1653450420253,"id":"9256mkmqjofgweu","previousEventId":"lneponmoam5uxxo","previousOperationId":"cc57jyoz2yahu3v"}
{"type":"operationEnd","doDiffs":false,"previousEventId":"yfxdus9drtd77u6","previousOperationId":"9uos9n3pead04b8","operationId":"9uos9n3pead04b8","timestamp":1653450420257,"id":"5xfwoxfhmqdyv32"}
