{"type":"operationStart","subtype":"profile","data":{"_id":"bKtA61ho4L0FKCsA","timestamp":"2022-05-24T15:40:08.474Z","state":"queued","mode":"standard","blobName":"profiles/qmcnn91xkjrmnhu.log","creationDate":"2022-05-24T15:40:08.476Z","modificationDate":"2022-05-24T15:40:08.476Z","shortid":"VpWHSlj","$entitySet":"profiles"},"doDiffs":false,"timestamp":1653406808474,"id":"7d78gxeqjfkc9s4","previousOperationId":null,"operationId":"a19u5o8tr6m0fd5"}
{"type":"log","level":"info","message":"Render request 1 queued for execution and waiting for availible worker","previousOperationId":"a19u5o8tr6m0fd5","timestamp":1653406808475,"id":"6jtvz2kngfp16j4"}
{"type":"operationStart","subtype":"render","name":"coffin-template","previousOperationId":"a19u5o8tr6m0fd5","timestamp":1653406808488,"id":"jiefmasz682spy8","previousEventId":"7d78gxeqjfkc9s4","operationId":"cf30bl79kc3jy1y"}
{"type":"log","timestamp":1653406808488,"level":"info","message":"Starting rendering request 1 (user: null)","meta":{"rootId":"qmcnn91xkjrmnhu","id":"qmcnn91xkjrmnhu"},"id":"wm4vk6481ffr4mw","previousOperationId":"cf30bl79kc3jy1y"}
{"type":"log","timestamp":1653406808490,"level":"info","message":"Rendering template { name: coffin-template, recipe: chrome-pdf, engine: handlebars, preview: true }","meta":{"rootId":"qmcnn91xkjrmnhu","id":"qmcnn91xkjrmnhu"},"id":"i3tf8p2jh7722i6","previousOperationId":"cf30bl79kc3jy1y"}
{"type":"log","timestamp":1653406808492,"level":"debug","message":"Inline data specified.","meta":{"rootId":"qmcnn91xkjrmnhu","id":"qmcnn91xkjrmnhu"},"id":"29ce5wa6v64cifm","previousOperationId":"cf30bl79kc3jy1y"}
{"type":"log","timestamp":1653406808497,"level":"debug","message":"Base url not specified, skipping its injection.","meta":{"rootId":"qmcnn91xkjrmnhu","id":"qmcnn91xkjrmnhu"},"id":"wdxqo48fa2obrkb","previousOperationId":"cf30bl79kc3jy1y"}
{"type":"operationStart","subtype":"engine","name":"handlebars","timestamp":1653406808499,"id":"j3db0tsq2wgf91d","previousEventId":"jiefmasz682spy8","operationId":"fo6zuqqdeddub3w","previousOperationId":"cf30bl79kc3jy1y"}
{"type":"log","timestamp":1653406808500,"level":"debug","message":"Rendering engine handlebars","meta":{"rootId":"qmcnn91xkjrmnhu","id":"qmcnn91xkjrmnhu"},"id":"e7307vfb24zq9l7","previousOperationId":"fo6zuqqdeddub3w"}
{"type":"operationEnd","operationId":"fo6zuqqdeddub3w","timestamp":1653406810425,"id":"uhe9b7wby2qqbx8","previousEventId":"j3db0tsq2wgf91d","previousOperationId":"fo6zuqqdeddub3w"}
{"type":"operationStart","subtype":"recipe","name":"chrome-pdf","timestamp":1653406810426,"id":"upp8t7h9cloi952","previousEventId":"uhe9b7wby2qqbx8","operationId":"na251h93h6lejsf","previousOperationId":"fo6zuqqdeddub3w"}
{"type":"log","timestamp":1653406810426,"level":"debug","message":"Executing recipe chrome-pdf","meta":{"rootId":"qmcnn91xkjrmnhu","id":"qmcnn91xkjrmnhu"},"id":"tfvsvfpcitn09it","previousOperationId":"na251h93h6lejsf"}
{"type":"log","timestamp":1653406811000,"level":"debug","message":"Converting with chrome HeadlessChrome/98.0.4758.0 using chrome-pool strategy","meta":{"rootId":"qmcnn91xkjrmnhu","id":"qmcnn91xkjrmnhu"},"id":"r6jp41roge29r5a","previousOperationId":"na251h93h6lejsf"}
{"type":"log","timestamp":1653406811185,"level":"debug","message":"Page request: GET (document) file:///C:/Users/Toon/AppData/Local/Temp/jsreport/autocleanup/427480b7-9c56-490d-a632-fab81e64857b-chrome-pdf.html","meta":{"rootId":"qmcnn91xkjrmnhu","id":"qmcnn91xkjrmnhu"},"id":"f38c5947t6fv34d","previousOperationId":"na251h93h6lejsf"}
{"type":"log","timestamp":1653406811192,"level":"debug","message":"Page request finished: GET (document) file:///C:/Users/Toon/AppData/Local/Temp/jsreport/autocleanup/427480b7-9c56-490d-a632-fab81e64857b-chrome-pdf.html","meta":{"rootId":"qmcnn91xkjrmnhu","id":"qmcnn91xkjrmnhu"},"id":"7z1rw1qma3omfrx","previousOperationId":"na251h93h6lejsf"}
{"type":"log","timestamp":1653406811193,"level":"debug","message":"Page request: GET (stylesheet) https://fonts.googleapis.com/css2?family=Sarabun:wght@300;500;700&display=swap","meta":{"rootId":"qmcnn91xkjrmnhu","id":"qmcnn91xkjrmnhu"},"id":"v1c4niqmi9ot2wr","previousOperationId":"na251h93h6lejsf"}
{"type":"log","timestamp":1653406818219,"level":"debug","message":"Page request finished: GET (stylesheet) 200 https://fonts.googleapis.com/css2?family=Sarabun:wght@300;500;700&display=swap","meta":{"rootId":"qmcnn91xkjrmnhu","id":"qmcnn91xkjrmnhu"},"id":"wvjlw3rldsh83zd","previousOperationId":"na251h93h6lejsf"}
{"type":"log","timestamp":1653406818262,"level":"debug","message":"Page request: GET (font) https://fonts.gstatic.com/s/sarabun/v13/DtVmJx26TKEr37c9YL5rik8s6zDX.woff2","meta":{"rootId":"qmcnn91xkjrmnhu","id":"qmcnn91xkjrmnhu"},"id":"gge9a34c4vyaikr","previousOperationId":"na251h93h6lejsf"}
{"type":"log","timestamp":1653406818263,"level":"debug","message":"Page request: GET (font) https://fonts.gstatic.com/s/sarabun/v13/DtVmJx26TKEr37c9YL5rilss6w.woff2","meta":{"rootId":"qmcnn91xkjrmnhu","id":"qmcnn91xkjrmnhu"},"id":"7gyy0ztfqtryr71","previousOperationId":"na251h93h6lejsf"}
{"type":"log","timestamp":1653406818263,"level":"debug","message":"Page request: GET (font) https://fonts.gstatic.com/s/sarabun/v13/DtVmJx26TKEr37c9YK5sik8s6zDX.woff2","meta":{"rootId":"qmcnn91xkjrmnhu","id":"qmcnn91xkjrmnhu"},"id":"7a834npsq54wkkk","previousOperationId":"na251h93h6lejsf"}
{"type":"log","timestamp":1653406818264,"level":"debug","message":"Page request: GET (font) https://fonts.gstatic.com/s/sarabun/v13/DtVmJx26TKEr37c9YK5silss6w.woff2","meta":{"rootId":"qmcnn91xkjrmnhu","id":"qmcnn91xkjrmnhu"},"id":"9ain4wi5r02p0f0","previousOperationId":"na251h93h6lejsf"}
{"type":"log","timestamp":1653406818265,"level":"debug","message":"Page request: GET (font) https://fonts.gstatic.com/s/sarabun/v13/DtVmJx26TKEr37c9YL5rik8s6zDX.woff2","meta":{"rootId":"qmcnn91xkjrmnhu","id":"qmcnn91xkjrmnhu"},"id":"c9eby6u5ikscuvj","previousOperationId":"na251h93h6lejsf"}
{"type":"log","timestamp":1653406818265,"level":"debug","message":"Running chrome with params {\"printBackground\":true,\"timeout\":57948,\"margin\":{}}","meta":{"rootId":"qmcnn91xkjrmnhu","id":"qmcnn91xkjrmnhu"},"id":"gtr0nfqlkwagtjl","previousOperationId":"na251h93h6lejsf"}
{"type":"log","timestamp":1653406818267,"level":"debug","message":"Page request: GET (font) https://fonts.gstatic.com/s/sarabun/v13/DtVmJx26TKEr37c9YL5rilss6w.woff2","meta":{"rootId":"qmcnn91xkjrmnhu","id":"qmcnn91xkjrmnhu"},"id":"5h3o1719nvwavls","previousOperationId":"na251h93h6lejsf"}
{"type":"log","timestamp":1653406818267,"level":"debug","message":"Page request: GET (font) https://fonts.gstatic.com/s/sarabun/v13/DtVmJx26TKEr37c9YK5sik8s6zDX.woff2","meta":{"rootId":"qmcnn91xkjrmnhu","id":"qmcnn91xkjrmnhu"},"id":"e6o49gjagi5v3of","previousOperationId":"na251h93h6lejsf"}
{"type":"log","timestamp":1653406818267,"level":"debug","message":"Page request: GET (font) https://fonts.gstatic.com/s/sarabun/v13/DtVmJx26TKEr37c9YK5silss6w.woff2","meta":{"rootId":"qmcnn91xkjrmnhu","id":"qmcnn91xkjrmnhu"},"id":"qg4c4uxmq0m3acx","previousOperationId":"na251h93h6lejsf"}
{"type":"operationEnd","operationId":"na251h93h6lejsf","timestamp":1653406818363,"id":"7alsydiregbzfq7","previousEventId":"upp8t7h9cloi952","previousOperationId":"na251h93h6lejsf"}
{"type":"log","timestamp":1653406818364,"level":"debug","message":"Skipping storing report.","meta":{"rootId":"qmcnn91xkjrmnhu","id":"qmcnn91xkjrmnhu"},"id":"t06ixldlb4znugm","previousOperationId":"na251h93h6lejsf"}
{"type":"log","timestamp":1653406818365,"level":"info","message":"Rendering request 1 finished in 9890 ms","meta":{"rootId":"qmcnn91xkjrmnhu","id":"qmcnn91xkjrmnhu"},"id":"3fwrbhn9wsp10f3","previousOperationId":"na251h93h6lejsf"}
{"type":"operationEnd","subtype":"render","operationId":"cf30bl79kc3jy1y","timestamp":1653406818365,"id":"5fyalgo74cwv1xx","previousEventId":"7alsydiregbzfq7","previousOperationId":"na251h93h6lejsf"}
{"type":"operationEnd","doDiffs":false,"previousEventId":"7d78gxeqjfkc9s4","previousOperationId":"a19u5o8tr6m0fd5","operationId":"a19u5o8tr6m0fd5","timestamp":1653406818370,"id":"ygkms1sy31jfbtc"}
