{"type":"operationStart","subtype":"profile","data":{"_id":"7JS8OXd8UsYt2RtT","timestamp":"2022-05-24T15:40:33.757Z","state":"queued","mode":"standard","blobName":"profiles/x0a7qcmaglc6v5n.log","creationDate":"2022-05-24T15:40:33.758Z","modificationDate":"2022-05-24T15:40:33.758Z","shortid":"dwaqFcC","$entitySet":"profiles"},"doDiffs":false,"timestamp":1653406833757,"id":"gqfbkped9ozgpd4","previousOperationId":null,"operationId":"4255gg6mzz2oo3n"}
{"type":"log","level":"info","message":"Render request 4 queued for execution and waiting for availible worker","previousOperationId":"4255gg6mzz2oo3n","timestamp":1653406833758,"id":"n4oj58tifld8r7b"}
{"type":"operationStart","subtype":"render","name":"coffin-template","previousOperationId":"4255gg6mzz2oo3n","timestamp":1653406833765,"id":"4vcq5odk8eo2v9l","previousEventId":"gqfbkped9ozgpd4","operationId":"bpuk7liitz2x0ev"}
{"type":"log","timestamp":1653406833765,"level":"info","message":"Starting rendering request 4 (user: null)","meta":{"rootId":"x0a7qcmaglc6v5n","id":"x0a7qcmaglc6v5n"},"id":"tp22h35j8r5dan9","previousOperationId":"bpuk7liitz2x0ev"}
{"type":"log","timestamp":1653406833765,"level":"info","message":"Rendering template { name: coffin-template, recipe: chrome-pdf, engine: handlebars, preview: true }","meta":{"rootId":"x0a7qcmaglc6v5n","id":"x0a7qcmaglc6v5n"},"id":"3ecuoe27soo6yf3","previousOperationId":"bpuk7liitz2x0ev"}
{"type":"log","timestamp":1653406833766,"level":"debug","message":"Inline data specified.","meta":{"rootId":"x0a7qcmaglc6v5n","id":"x0a7qcmaglc6v5n"},"id":"hknhlxq83bwwlx8","previousOperationId":"bpuk7liitz2x0ev"}
{"type":"log","timestamp":1653406833769,"level":"debug","message":"Base url not specified, skipping its injection.","meta":{"rootId":"x0a7qcmaglc6v5n","id":"x0a7qcmaglc6v5n"},"id":"gu1c5a983ua9coz","previousOperationId":"bpuk7liitz2x0ev"}
{"type":"operationStart","subtype":"engine","name":"handlebars","timestamp":1653406833770,"id":"f5433075xzmz4ns","previousEventId":"4vcq5odk8eo2v9l","operationId":"ioeplo0wt9ip1vm","previousOperationId":"bpuk7liitz2x0ev"}
{"type":"log","timestamp":1653406833770,"level":"debug","message":"Rendering engine handlebars","meta":{"rootId":"x0a7qcmaglc6v5n","id":"x0a7qcmaglc6v5n"},"id":"mp6r3vwe9zkrkk9","previousOperationId":"ioeplo0wt9ip1vm"}
{"type":"operationEnd","operationId":"ioeplo0wt9ip1vm","timestamp":1653406833822,"id":"934174nhmjsoq8w","previousEventId":"f5433075xzmz4ns","previousOperationId":"ioeplo0wt9ip1vm"}
{"type":"operationStart","subtype":"recipe","name":"chrome-pdf","timestamp":1653406833823,"id":"df3qooomyf6637e","previousEventId":"934174nhmjsoq8w","operationId":"jl1359ac7i5fd0n","previousOperationId":"ioeplo0wt9ip1vm"}
{"type":"log","timestamp":1653406833823,"level":"debug","message":"Executing recipe chrome-pdf","meta":{"rootId":"x0a7qcmaglc6v5n","id":"x0a7qcmaglc6v5n"},"id":"riplasawcd5xfdy","previousOperationId":"jl1359ac7i5fd0n"}
{"type":"log","timestamp":1653406833824,"level":"debug","message":"Converting with chrome HeadlessChrome/98.0.4758.0 using chrome-pool strategy","meta":{"rootId":"x0a7qcmaglc6v5n","id":"x0a7qcmaglc6v5n"},"id":"6sl136y5odkmzx4","previousOperationId":"jl1359ac7i5fd0n"}
{"type":"log","timestamp":1653406833906,"level":"debug","message":"Page request: GET (document) file:///C:/Users/Toon/AppData/Local/Temp/jsreport/autocleanup/a7ac6d5f-eaa0-4ae8-b3f1-7cf450e5aea0-chrome-pdf.html","meta":{"rootId":"x0a7qcmaglc6v5n","id":"x0a7qcmaglc6v5n"},"id":"egjkbplvhl7s7mn","previousOperationId":"jl1359ac7i5fd0n"}
{"type":"log","timestamp":1653406833913,"level":"debug","message":"Page request finished: GET (document) file:///C:/Users/Toon/AppData/Local/Temp/jsreport/autocleanup/a7ac6d5f-eaa0-4ae8-b3f1-7cf450e5aea0-chrome-pdf.html","meta":{"rootId":"x0a7qcmaglc6v5n","id":"x0a7qcmaglc6v5n"},"id":"t0au0ezj8yufa2w","previousOperationId":"jl1359ac7i5fd0n"}
{"type":"log","timestamp":1653406833914,"level":"debug","message":"Page request: GET (stylesheet) https://fonts.googleapis.com/css2?family=Sarabun:wght@300;500;700&display=swap","meta":{"rootId":"x0a7qcmaglc6v5n","id":"x0a7qcmaglc6v5n"},"id":"0debjod6u560qm3","previousOperationId":"jl1359ac7i5fd0n"}
{"type":"log","timestamp":1653406833917,"level":"debug","message":"Page request finished: GET (stylesheet) 200 https://fonts.googleapis.com/css2?family=Sarabun:wght@300;500;700&display=swap","meta":{"rootId":"x0a7qcmaglc6v5n","id":"x0a7qcmaglc6v5n"},"id":"r733l0la1wf4yyr","previousOperationId":"jl1359ac7i5fd0n"}
{"type":"log","timestamp":1653406833957,"level":"debug","message":"Page request: GET (font) https://fonts.gstatic.com/s/sarabun/v13/DtVmJx26TKEr37c9YL5rik8s6zDX.woff2","meta":{"rootId":"x0a7qcmaglc6v5n","id":"x0a7qcmaglc6v5n"},"id":"jd2pdeighzqf34j","previousOperationId":"jl1359ac7i5fd0n"}
{"type":"log","timestamp":1653406833957,"level":"debug","message":"Page request: GET (font) https://fonts.gstatic.com/s/sarabun/v13/DtVmJx26TKEr37c9YL5rilss6w.woff2","meta":{"rootId":"x0a7qcmaglc6v5n","id":"x0a7qcmaglc6v5n"},"id":"bbrito0tsp1o4qm","previousOperationId":"jl1359ac7i5fd0n"}
{"type":"log","timestamp":1653406833957,"level":"debug","message":"Page request: GET (font) https://fonts.gstatic.com/s/sarabun/v13/DtVmJx26TKEr37c9YK5sik8s6zDX.woff2","meta":{"rootId":"x0a7qcmaglc6v5n","id":"x0a7qcmaglc6v5n"},"id":"zxrs60xjm3giy19","previousOperationId":"jl1359ac7i5fd0n"}
{"type":"log","timestamp":1653406833958,"level":"debug","message":"Page request: GET (font) https://fonts.gstatic.com/s/sarabun/v13/DtVmJx26TKEr37c9YK5silss6w.woff2","meta":{"rootId":"x0a7qcmaglc6v5n","id":"x0a7qcmaglc6v5n"},"id":"su54hzgnh44g2y6","previousOperationId":"jl1359ac7i5fd0n"}
{"type":"log","timestamp":1653406833958,"level":"debug","message":"Running chrome with params {\"printBackground\":true,\"timeout\":59933,\"margin\":{}}","meta":{"rootId":"x0a7qcmaglc6v5n","id":"x0a7qcmaglc6v5n"},"id":"jovat5367qa48zt","previousOperationId":"jl1359ac7i5fd0n"}
{"type":"log","timestamp":1653406833971,"level":"debug","message":"Page request finished: GET (font) 200 https://fonts.gstatic.com/s/sarabun/v13/DtVmJx26TKEr37c9YL5rik8s6zDX.woff2","meta":{"rootId":"x0a7qcmaglc6v5n","id":"x0a7qcmaglc6v5n"},"id":"dyjzn83ox39fj2b","previousOperationId":"jl1359ac7i5fd0n"}
{"type":"log","timestamp":1653406833977,"level":"debug","message":"Page request finished: GET (font) 200 https://fonts.gstatic.com/s/sarabun/v13/DtVmJx26TKEr37c9YL5rilss6w.woff2","meta":{"rootId":"x0a7qcmaglc6v5n","id":"x0a7qcmaglc6v5n"},"id":"8w59172licb8ma4","previousOperationId":"jl1359ac7i5fd0n"}
{"type":"log","timestamp":1653406833979,"level":"debug","message":"Page request finished: GET (font) 200 https://fonts.gstatic.com/s/sarabun/v13/DtVmJx26TKEr37c9YK5sik8s6zDX.woff2","meta":{"rootId":"x0a7qcmaglc6v5n","id":"x0a7qcmaglc6v5n"},"id":"et4ukglcm08mqnx","previousOperationId":"jl1359ac7i5fd0n"}
{"type":"log","timestamp":1653406833981,"level":"debug","message":"Page request finished: GET (font) 200 https://fonts.gstatic.com/s/sarabun/v13/DtVmJx26TKEr37c9YK5silss6w.woff2","meta":{"rootId":"x0a7qcmaglc6v5n","id":"x0a7qcmaglc6v5n"},"id":"0l8nu42mldgyhv4","previousOperationId":"jl1359ac7i5fd0n"}
{"type":"operationEnd","operationId":"jl1359ac7i5fd0n","timestamp":1653406834019,"id":"7fscphmjxv8vsp2","previousEventId":"df3qooomyf6637e","previousOperationId":"jl1359ac7i5fd0n"}
{"type":"log","timestamp":1653406834019,"level":"debug","message":"Skipping storing report.","meta":{"rootId":"x0a7qcmaglc6v5n","id":"x0a7qcmaglc6v5n"},"id":"fdlichf9kljekb8","previousOperationId":"jl1359ac7i5fd0n"}
{"type":"log","timestamp":1653406834019,"level":"info","message":"Rendering request 4 finished in 262 ms","meta":{"rootId":"x0a7qcmaglc6v5n","id":"x0a7qcmaglc6v5n"},"id":"6b9wx2q84j8heqh","previousOperationId":"jl1359ac7i5fd0n"}
{"type":"operationEnd","subtype":"render","operationId":"bpuk7liitz2x0ev","timestamp":1653406834019,"id":"q01ximpdgpfss1a","previousEventId":"7fscphmjxv8vsp2","previousOperationId":"jl1359ac7i5fd0n"}
{"type":"operationEnd","doDiffs":false,"previousEventId":"gqfbkped9ozgpd4","previousOperationId":"4255gg6mzz2oo3n","operationId":"4255gg6mzz2oo3n","timestamp":1653406834024,"id":"lqcue62w0apvuhb"}
