{"type":"operationStart","subtype":"profile","data":{"_id":"xQDZoZ4A9g832in4","timestamp":"2022-05-24T15:42:51.097Z","state":"queued","mode":"standard","blobName":"profiles/ydxck4wo04xcfm7.log","creationDate":"2022-05-24T15:42:51.097Z","modificationDate":"2022-05-24T15:42:51.097Z","shortid":"A2PrjIL","$entitySet":"profiles"},"doDiffs":false,"timestamp":1653406971097,"id":"40zi3m42ml6kp6u","previousOperationId":null,"operationId":"6q1ir01dc7ei3mi"}
{"type":"log","level":"info","message":"Render request 7 queued for execution and waiting for availible worker","previousOperationId":"6q1ir01dc7ei3mi","timestamp":1653406971097,"id":"xqydh8kfebqjsbr"}
{"type":"operationStart","subtype":"render","name":"coffin-template","previousOperationId":"6q1ir01dc7ei3mi","timestamp":1653406971103,"id":"8c9v824x9xkevyv","previousEventId":"40zi3m42ml6kp6u","operationId":"rlf9y34141xz0fl"}
{"type":"log","timestamp":1653406971103,"level":"info","message":"Starting rendering request 7 (user: null)","meta":{"rootId":"ydxck4wo04xcfm7","id":"ydxck4wo04xcfm7"},"id":"znkipafjto0ki3m","previousOperationId":"rlf9y34141xz0fl"}
{"type":"log","timestamp":1653406971104,"level":"info","message":"Rendering template { name: coffin-template, recipe: chrome-pdf, engine: handlebars, preview: true }","meta":{"rootId":"ydxck4wo04xcfm7","id":"ydxck4wo04xcfm7"},"id":"3oq1inxot6d1qmi","previousOperationId":"rlf9y34141xz0fl"}
{"type":"log","timestamp":1653406971104,"level":"debug","message":"Inline data specified.","meta":{"rootId":"ydxck4wo04xcfm7","id":"ydxck4wo04xcfm7"},"id":"zunzfjo3sp1ski3","previousOperationId":"rlf9y34141xz0fl"}
{"type":"log","timestamp":1653406971106,"level":"debug","message":"Base url not specified, skipping its injection.","meta":{"rootId":"ydxck4wo04xcfm7","id":"ydxck4wo04xcfm7"},"id":"8adbgns2bkfmnoj","previousOperationId":"rlf9y34141xz0fl"}
{"type":"operationStart","subtype":"engine","name":"handlebars","timestamp":1653406971107,"id":"4fgaort1wnew6n9","previousEventId":"8c9v824x9xkevyv","operationId":"4thvpmiq0xxo862","previousOperationId":"rlf9y34141xz0fl"}
{"type":"log","timestamp":1653406971107,"level":"debug","message":"Rendering engine handlebars","meta":{"rootId":"ydxck4wo04xcfm7","id":"ydxck4wo04xcfm7"},"id":"06r51htktka6d7f","previousOperationId":"4thvpmiq0xxo862"}
{"type":"operationEnd","operationId":"4thvpmiq0xxo862","timestamp":1653406971143,"id":"o6xmddrcvfhjrcz","previousEventId":"4fgaort1wnew6n9","previousOperationId":"4thvpmiq0xxo862"}
{"type":"operationStart","subtype":"recipe","name":"chrome-pdf","timestamp":1653406971143,"id":"sdmin75695a1wau","previousEventId":"o6xmddrcvfhjrcz","operationId":"p9oagjewyb20m6a","previousOperationId":"4thvpmiq0xxo862"}
{"type":"log","timestamp":1653406971144,"level":"debug","message":"Executing recipe chrome-pdf","meta":{"rootId":"ydxck4wo04xcfm7","id":"ydxck4wo04xcfm7"},"id":"86vsc5n1ggcg7sx","previousOperationId":"p9oagjewyb20m6a"}
{"type":"log","timestamp":1653406971150,"level":"debug","message":"Converting with chrome HeadlessChrome/98.0.4758.0 using chrome-pool strategy","meta":{"rootId":"ydxck4wo04xcfm7","id":"ydxck4wo04xcfm7"},"id":"egrs10l7hu9n6t6","previousOperationId":"p9oagjewyb20m6a"}
{"type":"log","timestamp":1653406971257,"level":"debug","message":"Page request: GET (document) file:///C:/Users/Toon/AppData/Local/Temp/jsreport/autocleanup/c7a3667b-a5ec-4ed2-ac8b-d0c9e3aaf1a8-chrome-pdf.html","meta":{"rootId":"ydxck4wo04xcfm7","id":"ydxck4wo04xcfm7"},"id":"6ixebybqkeygq1y","previousOperationId":"p9oagjewyb20m6a"}
{"type":"log","timestamp":1653406971270,"level":"debug","message":"Page request finished: GET (document) file:///C:/Users/Toon/AppData/Local/Temp/jsreport/autocleanup/c7a3667b-a5ec-4ed2-ac8b-d0c9e3aaf1a8-chrome-pdf.html","meta":{"rootId":"ydxck4wo04xcfm7","id":"ydxck4wo04xcfm7"},"id":"36chd7fjo8uxhwe","previousOperationId":"p9oagjewyb20m6a"}
{"type":"log","timestamp":1653406971271,"level":"debug","message":"Page request: GET (stylesheet) https://fonts.googleapis.com/css2?family=Sarabun:wght@300;500;700&display=swap","meta":{"rootId":"ydxck4wo04xcfm7","id":"ydxck4wo04xcfm7"},"id":"lxolm4p1w52do91","previousOperationId":"p9oagjewyb20m6a"}
{"type":"log","timestamp":1653406971275,"level":"debug","message":"Page request finished: GET (stylesheet) 200 https://fonts.googleapis.com/css2?family=Sarabun:wght@300;500;700&display=swap","meta":{"rootId":"ydxck4wo04xcfm7","id":"ydxck4wo04xcfm7"},"id":"1quciwqyzvij6ly","previousOperationId":"p9oagjewyb20m6a"}
{"type":"log","timestamp":1653406971325,"level":"debug","message":"Page request: GET (font) https://fonts.gstatic.com/s/sarabun/v13/DtVmJx26TKEr37c9YL5rik8s6zDX.woff2","meta":{"rootId":"ydxck4wo04xcfm7","id":"ydxck4wo04xcfm7"},"id":"xgye61yg5n8jjyb","previousOperationId":"p9oagjewyb20m6a"}
{"type":"log","timestamp":1653406971325,"level":"debug","message":"Page request: GET (font) https://fonts.gstatic.com/s/sarabun/v13/DtVmJx26TKEr37c9YL5rilss6w.woff2","meta":{"rootId":"ydxck4wo04xcfm7","id":"ydxck4wo04xcfm7"},"id":"phfyset7gtyvrju","previousOperationId":"p9oagjewyb20m6a"}
{"type":"log","timestamp":1653406971325,"level":"debug","message":"Page request: GET (font) https://fonts.gstatic.com/s/sarabun/v13/DtVmJx26TKEr37c9YK5sik8s6zDX.woff2","meta":{"rootId":"ydxck4wo04xcfm7","id":"ydxck4wo04xcfm7"},"id":"zskres6twofdrlt","previousOperationId":"p9oagjewyb20m6a"}
{"type":"log","timestamp":1653406971325,"level":"debug","message":"Page request: GET (font) https://fonts.gstatic.com/s/sarabun/v13/DtVmJx26TKEr37c9YK5silss6w.woff2","meta":{"rootId":"ydxck4wo04xcfm7","id":"ydxck4wo04xcfm7"},"id":"dd0z7ac6kcmot3b","previousOperationId":"p9oagjewyb20m6a"}
{"type":"log","timestamp":1653406971326,"level":"debug","message":"Running chrome with params {\"printBackground\":true,\"timeout\":59949,\"margin\":{}}","meta":{"rootId":"ydxck4wo04xcfm7","id":"ydxck4wo04xcfm7"},"id":"jix1zll0f1qpfsj","previousOperationId":"p9oagjewyb20m6a"}
{"type":"log","timestamp":1653406971343,"level":"debug","message":"Page request finished: GET (font) 200 https://fonts.gstatic.com/s/sarabun/v13/DtVmJx26TKEr37c9YL5rik8s6zDX.woff2","meta":{"rootId":"ydxck4wo04xcfm7","id":"ydxck4wo04xcfm7"},"id":"o5gi3n2e8h1kox8","previousOperationId":"p9oagjewyb20m6a"}
{"type":"log","timestamp":1653406971346,"level":"debug","message":"Page request finished: GET (font) 200 https://fonts.gstatic.com/s/sarabun/v13/DtVmJx26TKEr37c9YL5rilss6w.woff2","meta":{"rootId":"ydxck4wo04xcfm7","id":"ydxck4wo04xcfm7"},"id":"t1n8hqwhrtvgb2m","previousOperationId":"p9oagjewyb20m6a"}
{"type":"log","timestamp":1653406971346,"level":"debug","message":"Page request finished: GET (font) 200 https://fonts.gstatic.com/s/sarabun/v13/DtVmJx26TKEr37c9YK5sik8s6zDX.woff2","meta":{"rootId":"ydxck4wo04xcfm7","id":"ydxck4wo04xcfm7"},"id":"wme9dse36tc1k04","previousOperationId":"p9oagjewyb20m6a"}
{"type":"log","timestamp":1653406971348,"level":"debug","message":"Page request finished: GET (font) 200 https://fonts.gstatic.com/s/sarabun/v13/DtVmJx26TKEr37c9YK5silss6w.woff2","meta":{"rootId":"ydxck4wo04xcfm7","id":"ydxck4wo04xcfm7"},"id":"j056i9jg49sly3u","previousOperationId":"p9oagjewyb20m6a"}
{"type":"operationEnd","operationId":"p9oagjewyb20m6a","timestamp":1653406971388,"id":"zry29dozikxwog8","previousEventId":"sdmin75695a1wau","previousOperationId":"p9oagjewyb20m6a"}
{"type":"log","timestamp":1653406971388,"level":"debug","message":"Skipping storing report.","meta":{"rootId":"ydxck4wo04xcfm7","id":"ydxck4wo04xcfm7"},"id":"xt6s6tewgrqyj4j","previousOperationId":"p9oagjewyb20m6a"}
{"type":"log","timestamp":1653406971388,"level":"info","message":"Rendering request 7 finished in 292 ms","meta":{"rootId":"ydxck4wo04xcfm7","id":"ydxck4wo04xcfm7"},"id":"4ybr7po7xdqrwhh","previousOperationId":"p9oagjewyb20m6a"}
{"type":"operationEnd","subtype":"render","operationId":"rlf9y34141xz0fl","timestamp":1653406971388,"id":"jmiu1a6z0yus0xn","previousEventId":"zry29dozikxwog8","previousOperationId":"p9oagjewyb20m6a"}
{"type":"operationEnd","doDiffs":false,"previousEventId":"40zi3m42ml6kp6u","previousOperationId":"6q1ir01dc7ei3mi","operationId":"6q1ir01dc7ei3mi","timestamp":1653406971393,"id":"e41eksqunwvy91p"}
