{"type":"operationStart","subtype":"profile","data":{"_id":"VTYdlg0IpR78NJMy","timestamp":"2022-05-25T03:43:21.437Z","state":"queued","mode":"standard","blobName":"profiles/zc9exag5w7ftqka.log","creationDate":"2022-05-25T03:43:21.439Z","modificationDate":"2022-05-25T03:43:21.439Z","shortid":"fLht9OL","$entitySet":"profiles"},"doDiffs":false,"timestamp":1653450201438,"id":"60pfqfpghueihzn","previousOperationId":null,"operationId":"few9ayww9yf3haw"}
{"type":"log","level":"info","message":"Render request 1 queued for execution and waiting for availible worker","previousOperationId":"few9ayww9yf3haw","timestamp":1653450201438,"id":"8964gn40ytg4zj6"}
{"type":"operationStart","subtype":"render","name":"coffin-template","previousOperationId":"few9ayww9yf3haw","timestamp":1653450201504,"id":"z9skwdewf6pf7e0","previousEventId":"60pfqfpghueihzn","operationId":"a9ukdinvmigtn46"}
{"type":"log","timestamp":1653450201505,"level":"info","message":"Starting rendering request 1 (user: null)","meta":{"rootId":"zc9exag5w7ftqka","id":"zc9exag5w7ftqka"},"id":"6w6f497cvp82xsr","previousOperationId":"a9ukdinvmigtn46"}
{"type":"log","timestamp":1653450201506,"level":"info","message":"Rendering template { name: coffin-template, recipe: chrome-pdf, engine: handlebars, preview: true }","meta":{"rootId":"zc9exag5w7ftqka","id":"zc9exag5w7ftqka"},"id":"vvvhc0n1mzyiejl","previousOperationId":"a9ukdinvmigtn46"}
{"type":"log","timestamp":1653450201508,"level":"debug","message":"Adding sample data PX7nym93v","meta":{"rootId":"zc9exag5w7ftqka","id":"zc9exag5w7ftqka"},"id":"wn91e3kktrkivcl","previousOperationId":"a9ukdinvmigtn46"}
{"type":"log","timestamp":1653450201514,"level":"debug","message":"Base url not specified, skipping its injection.","meta":{"rootId":"zc9exag5w7ftqka","id":"zc9exag5w7ftqka"},"id":"e7l8p1dloj9na7k","previousOperationId":"a9ukdinvmigtn46"}
{"type":"operationStart","subtype":"engine","name":"handlebars","timestamp":1653450201515,"id":"hrzivypbzsps0mk","previousEventId":"z9skwdewf6pf7e0","operationId":"o550jopgadf1el6","previousOperationId":"a9ukdinvmigtn46"}
{"type":"log","timestamp":1653450201515,"level":"debug","message":"Rendering engine handlebars","meta":{"rootId":"zc9exag5w7ftqka","id":"zc9exag5w7ftqka"},"id":"a8svzy96tk8ko2r","previousOperationId":"o550jopgadf1el6"}
{"type":"operationEnd","operationId":"o550jopgadf1el6","timestamp":1653450207585,"id":"qd5uvbs2fpvrop7","previousEventId":"hrzivypbzsps0mk","previousOperationId":"o550jopgadf1el6"}
{"type":"operationStart","subtype":"recipe","name":"chrome-pdf","timestamp":1653450207586,"id":"7snpdoc5yodksf9","previousEventId":"qd5uvbs2fpvrop7","operationId":"oa0x5w9r2c5tbpl","previousOperationId":"o550jopgadf1el6"}
{"type":"log","timestamp":1653450207586,"level":"debug","message":"Executing recipe chrome-pdf","meta":{"rootId":"zc9exag5w7ftqka","id":"zc9exag5w7ftqka"},"id":"980bcr8ut3b84fk","previousOperationId":"oa0x5w9r2c5tbpl"}
{"type":"log","timestamp":1653450210871,"level":"debug","message":"Converting with chrome HeadlessChrome/98.0.4758.0 using chrome-pool strategy","meta":{"rootId":"zc9exag5w7ftqka","id":"zc9exag5w7ftqka"},"id":"wrdwzjvkld42lcd","previousOperationId":"oa0x5w9r2c5tbpl"}
{"type":"log","timestamp":1653450212015,"level":"debug","message":"Page request: GET (document) file:///C:/Users/Toon/AppData/Local/Temp/jsreport/autocleanup/1a75fc86-e205-4d95-81a0-f18dc654f8b6-chrome-pdf.html","meta":{"rootId":"zc9exag5w7ftqka","id":"zc9exag5w7ftqka"},"id":"h1p38ug17ybuqqb","previousOperationId":"oa0x5w9r2c5tbpl"}
{"type":"log","timestamp":1653450212025,"level":"debug","message":"Page request finished: GET (document) file:///C:/Users/Toon/AppData/Local/Temp/jsreport/autocleanup/1a75fc86-e205-4d95-81a0-f18dc654f8b6-chrome-pdf.html","meta":{"rootId":"zc9exag5w7ftqka","id":"zc9exag5w7ftqka"},"id":"wri0rfehn1y48xn","previousOperationId":"oa0x5w9r2c5tbpl"}
{"type":"log","timestamp":1653450212029,"level":"debug","message":"Page request: GET (stylesheet) https://fonts.googleapis.com/css2?family=Sarabun:wght@300;500;700&display=swap","meta":{"rootId":"zc9exag5w7ftqka","id":"zc9exag5w7ftqka"},"id":"j2q7ug7ylcw30ix","previousOperationId":"oa0x5w9r2c5tbpl"}
{"type":"log","timestamp":1653450219031,"level":"debug","message":"Page request finished: GET (stylesheet) 200 https://fonts.googleapis.com/css2?family=Sarabun:wght@300;500;700&display=swap","meta":{"rootId":"zc9exag5w7ftqka","id":"zc9exag5w7ftqka"},"id":"99sxr7x7zdqwnvw","previousOperationId":"oa0x5w9r2c5tbpl"}
{"type":"log","timestamp":1653450219082,"level":"debug","message":"Page request: GET (font) https://fonts.gstatic.com/s/sarabun/v13/DtVmJx26TKEr37c9YL5rik8s6zDX.woff2","meta":{"rootId":"zc9exag5w7ftqka","id":"zc9exag5w7ftqka"},"id":"vny79a859d3put3","previousOperationId":"oa0x5w9r2c5tbpl"}
{"type":"log","timestamp":1653450219082,"level":"debug","message":"Page request: GET (font) https://fonts.gstatic.com/s/sarabun/v13/DtVmJx26TKEr37c9YL5rilss6w.woff2","meta":{"rootId":"zc9exag5w7ftqka","id":"zc9exag5w7ftqka"},"id":"992gwtnxv82ptr5","previousOperationId":"oa0x5w9r2c5tbpl"}
{"type":"log","timestamp":1653450219082,"level":"debug","message":"Page request: GET (font) https://fonts.gstatic.com/s/sarabun/v13/DtVmJx26TKEr37c9YK5sik8s6zDX.woff2","meta":{"rootId":"zc9exag5w7ftqka","id":"zc9exag5w7ftqka"},"id":"5vsyg72jj5c1dc3","previousOperationId":"oa0x5w9r2c5tbpl"}
{"type":"log","timestamp":1653450219083,"level":"debug","message":"Page request: GET (font) https://fonts.gstatic.com/s/sarabun/v13/DtVmJx26TKEr37c9YK5silss6w.woff2","meta":{"rootId":"zc9exag5w7ftqka","id":"zc9exag5w7ftqka"},"id":"pr4cou4557hycv7","previousOperationId":"oa0x5w9r2c5tbpl"}
{"type":"log","timestamp":1653450219084,"level":"debug","message":"Running chrome with params {\"printBackground\":true,\"timeout\":53738,\"margin\":{}}","meta":{"rootId":"zc9exag5w7ftqka","id":"zc9exag5w7ftqka"},"id":"o9wnklspa80aj4z","previousOperationId":"oa0x5w9r2c5tbpl"}
{"type":"log","timestamp":1653450219086,"level":"debug","message":"Page request: GET (font) https://fonts.gstatic.com/s/sarabun/v13/DtVmJx26TKEr37c9YL5rik8s6zDX.woff2","meta":{"rootId":"zc9exag5w7ftqka","id":"zc9exag5w7ftqka"},"id":"n2v2wukilmltzds","previousOperationId":"oa0x5w9r2c5tbpl"}
{"type":"log","timestamp":1653450219087,"level":"debug","message":"Page request: GET (font) https://fonts.gstatic.com/s/sarabun/v13/DtVmJx26TKEr37c9YL5rilss6w.woff2","meta":{"rootId":"zc9exag5w7ftqka","id":"zc9exag5w7ftqka"},"id":"eu9uzwowvqau09s","previousOperationId":"oa0x5w9r2c5tbpl"}
{"type":"log","timestamp":1653450219088,"level":"debug","message":"Page request: GET (font) https://fonts.gstatic.com/s/sarabun/v13/DtVmJx26TKEr37c9YK5sik8s6zDX.woff2","meta":{"rootId":"zc9exag5w7ftqka","id":"zc9exag5w7ftqka"},"id":"t9l351mxs434mqj","previousOperationId":"oa0x5w9r2c5tbpl"}
{"type":"log","timestamp":1653450219088,"level":"debug","message":"Page request: GET (font) https://fonts.gstatic.com/s/sarabun/v13/DtVmJx26TKEr37c9YK5silss6w.woff2","meta":{"rootId":"zc9exag5w7ftqka","id":"zc9exag5w7ftqka"},"id":"5lesglmns4m6huu","previousOperationId":"oa0x5w9r2c5tbpl"}
{"type":"log","timestamp":1653450219214,"level":"debug","message":"Page request finished: GET (font) 200 https://fonts.gstatic.com/s/sarabun/v13/DtVmJx26TKEr37c9YL5rik8s6zDX.woff2","meta":{"rootId":"zc9exag5w7ftqka","id":"zc9exag5w7ftqka"},"id":"0ljcdkicercpxoy","previousOperationId":"oa0x5w9r2c5tbpl"}
{"type":"operationEnd","operationId":"oa0x5w9r2c5tbpl","timestamp":1653450219229,"id":"jtzn4dhd50zt019","previousEventId":"7snpdoc5yodksf9","previousOperationId":"oa0x5w9r2c5tbpl"}
{"type":"log","timestamp":1653450219231,"level":"debug","message":"Skipping storing report.","meta":{"rootId":"zc9exag5w7ftqka","id":"zc9exag5w7ftqka"},"id":"3616rbloploxl4z","previousOperationId":"oa0x5w9r2c5tbpl"}
{"type":"log","timestamp":1653450219231,"level":"info","message":"Rendering request 1 finished in 17794 ms","meta":{"rootId":"zc9exag5w7ftqka","id":"zc9exag5w7ftqka"},"id":"4l8wlqliik67ujl","previousOperationId":"oa0x5w9r2c5tbpl"}
{"type":"operationEnd","subtype":"render","operationId":"a9ukdinvmigtn46","timestamp":1653450219232,"id":"j5jb4guzbdu7h7k","previousEventId":"jtzn4dhd50zt019","previousOperationId":"oa0x5w9r2c5tbpl"}
{"type":"operationEnd","doDiffs":false,"previousEventId":"60pfqfpghueihzn","previousOperationId":"few9ayww9yf3haw","operationId":"few9ayww9yf3haw","timestamp":1653450219245,"id":"6wiv7toy3o4y81z"}
